08-06-2020 11:31:28 INFO  BaseTest:37 - Set up environment
08-06-2020 11:31:29 DEBUG CiReportUrl:28 - Variable selenide.reportsUrl not found
08-06-2020 11:31:29 INFO  WebDriverThreadLocalContainer:119 - No webdriver is bound to current thread: 1 - let's create a new webdriver
08-06-2020 11:31:29 DEBUG WebDriverFactory:47 - browser=chrome
08-06-2020 11:31:29 DEBUG WebDriverFactory:48 - browser.version=null
08-06-2020 11:31:29 DEBUG WebDriverFactory:49 - remote=null
08-06-2020 11:31:29 DEBUG WebDriverFactory:50 - browserSize=1366x768
08-06-2020 11:31:29 DEBUG WebDriverFactory:51 - startMaximized=false
08-06-2020 11:31:29 INFO  WebDriverManager:269 - Please answer the following questionnaire based on your experience with WebDriverManager. Thanks a lot!
08-06-2020 11:31:29 INFO  WebDriverManager:271 - ====> http://tiny.cc/wdm-survey <====
08-06-2020 11:31:30 DEBUG ResolutionCache:183 - Resolution chrome=83 in cache (valid until 18:50:47 08/06/2020 MSK)
08-06-2020 11:31:30 INFO  WebDriverManager:571 - Using chromedriver 83.0.4103.39 (since Chrome 83 is installed in your machine)
08-06-2020 11:31:30 DEBUG WebDriverManager:520 - Driver chromedriver 83.0.4103.39 found in cache
08-06-2020 11:31:30 INFO  WebDriverManager:615 - Exporting webdriver.chrome.driver as /home/ksenia/.m2/repository/webdriver/chromedriver/linux64/83.0.4103.39/chromedriver
08-06-2020 11:31:30 DEBUG ChromeDriverFactory:46 - Chrome options: Capabilities {acceptInsecureCerts: true, acceptSslCerts: true, browserName: chrome, goog:chromeOptions: {args: [--proxy-bypass-list=<-loopb...], excludeSwitches: [enable-automation, load-extension], extensions: [], prefs: {credentials_enable_service: false, download.default_directory: /home/ksenia/repo/work/AT_U...}}, handlesAlerts: true, javascriptEnabled: true, pageLoadStrategy: normal, takesScreenshot: true}
08-06-2020 11:31:32 INFO  BrowserResizer:28 - Set browser size to 1366x768
08-06-2020 11:31:33 INFO  WebDriverFactory:101 - BrowserName=chrome Version=83.0.4103.97 Platform=LINUX
08-06-2020 11:31:33 INFO  WebDriverFactory:60 - Selenide v. 5.12.2
08-06-2020 11:31:33 INFO  WebDriverFactory:94 - Selenium WebDriver v. 3.141.59 build time: 2018-11-14T08:17:03
08-06-2020 11:31:33 INFO  CreateDriverCommand:47 - Create webdriver in current thread 1: ChromeDriver -> ChromeDriver: chrome on LINUX (18d91db84b6c6a23792841015c21171a)
08-06-2020 11:31:42 DEBUG BaseTest:30 - [шаг] вызвали pop up окно для выбора региона
08-06-2020 11:31:43 DEBUG BaseTest:17 - [шаг] установили регион Москва в поле ввода
08-06-2020 11:31:47 DEBUG BaseTest:45 - [шаг] ввели запрос в строку поиска Шоколадные конфеты в коробках, подарочные наборы
08-06-2020 11:31:47 DEBUG BaseTest:62 - [шаг] получили список элементов
08-06-2020 11:31:52 INFO  FileHelper:39 - Creating folder: build/reports/tests
08-06-2020 11:31:52 DEBUG ScreenShotLaboratory:405 - reportsUrl is not configured. Returning screenshot file name '/home/ksenia/repo/work/AT_UI_Demo/build/reports/tests/1591605112028.0.png'
08-06-2020 11:31:53 INFO  CloseDriverCommand:21 - Close webdriver: 1 -> ChromeDriver: chrome on LINUX (18d91db84b6c6a23792841015c21171a)
08-06-2020 11:31:53 INFO  CloseDriverCommand:50 - Trying to close the browser ChromeDriver ...
08-06-2020 11:31:53 INFO  CloseDriverCommand:41 - Closed webdriver 1 in 70 ms
08-06-2020 11:31:53 INFO  CloseDriverCommand:21 - Close webdriver: 22 -> ChromeDriver: chrome on LINUX (null)
08-06-2020 11:31:53 INFO  CloseDriverCommand:50 - Trying to close the browser ChromeDriver ...
08-06-2020 11:31:53 INFO  CloseDriverCommand:41 - Closed webdriver 22 in 13 ms
08-06-2020 11:32:56 INFO  BaseTest:37 - Set up environment
08-06-2020 11:32:56 DEBUG CiReportUrl:28 - Variable selenide.reportsUrl not found
08-06-2020 11:32:56 INFO  WebDriverThreadLocalContainer:119 - No webdriver is bound to current thread: 1 - let's create a new webdriver
08-06-2020 11:32:56 DEBUG WebDriverFactory:47 - browser=chrome
08-06-2020 11:32:56 DEBUG WebDriverFactory:48 - browser.version=null
08-06-2020 11:32:56 DEBUG WebDriverFactory:49 - remote=null
08-06-2020 11:32:56 DEBUG WebDriverFactory:50 - browserSize=1366x768
08-06-2020 11:32:56 DEBUG WebDriverFactory:51 - startMaximized=false
08-06-2020 11:32:56 INFO  WebDriverManager:269 - Please answer the following questionnaire based on your experience with WebDriverManager. Thanks a lot!
08-06-2020 11:32:56 INFO  WebDriverManager:271 - ====> http://tiny.cc/wdm-survey <====
08-06-2020 11:32:57 DEBUG ResolutionCache:183 - Resolution chrome=83 in cache (valid until 18:50:47 08/06/2020 MSK)
08-06-2020 11:32:57 INFO  WebDriverManager:571 - Using chromedriver 83.0.4103.39 (since Chrome 83 is installed in your machine)
08-06-2020 11:32:57 DEBUG WebDriverManager:520 - Driver chromedriver 83.0.4103.39 found in cache
08-06-2020 11:32:57 INFO  WebDriverManager:615 - Exporting webdriver.chrome.driver as /home/ksenia/.m2/repository/webdriver/chromedriver/linux64/83.0.4103.39/chromedriver
08-06-2020 11:32:57 DEBUG ChromeDriverFactory:46 - Chrome options: Capabilities {acceptInsecureCerts: true, acceptSslCerts: true, browserName: chrome, goog:chromeOptions: {args: [--proxy-bypass-list=<-loopb...], excludeSwitches: [enable-automation, load-extension], extensions: [], prefs: {credentials_enable_service: false, download.default_directory: /home/ksenia/repo/work/AT_U...}}, handlesAlerts: true, javascriptEnabled: true, pageLoadStrategy: normal, takesScreenshot: true}
08-06-2020 11:32:59 INFO  BrowserResizer:28 - Set browser size to 1366x768
08-06-2020 11:32:59 INFO  WebDriverFactory:101 - BrowserName=chrome Version=83.0.4103.97 Platform=LINUX
08-06-2020 11:32:59 INFO  WebDriverFactory:60 - Selenide v. 5.12.2
08-06-2020 11:32:59 INFO  WebDriverFactory:94 - Selenium WebDriver v. 3.141.59 build time: 2018-11-14T08:17:03
08-06-2020 11:32:59 INFO  CreateDriverCommand:47 - Create webdriver in current thread 1: ChromeDriver -> ChromeDriver: chrome on LINUX (85564d4906a17b88bf3a264441d6acf1)
08-06-2020 11:33:06 DEBUG BaseTest:30 - [шаг] вызвали pop up окно для выбора региона
08-06-2020 11:33:08 DEBUG BaseTest:17 - [шаг] установили регион Москва в поле ввода
08-06-2020 11:33:12 DEBUG BaseTest:45 - [шаг] ввели запрос в строку поиска Шоколадные конфеты в коробках, подарочные наборы
08-06-2020 11:33:12 DEBUG BaseTest:62 - [шаг] получили список элементов
08-06-2020 11:33:18 DEBUG BaseTest:62 - [шаг] получили список элементов
08-06-2020 11:33:20 INFO  CloseDriverCommand:21 - Close webdriver: 1 -> ChromeDriver: chrome on LINUX (85564d4906a17b88bf3a264441d6acf1)
08-06-2020 11:33:20 INFO  CloseDriverCommand:50 - Trying to close the browser ChromeDriver ...
08-06-2020 11:33:20 INFO  CloseDriverCommand:41 - Closed webdriver 1 in 46 ms
08-06-2020 11:33:20 INFO  CloseDriverCommand:21 - Close webdriver: 22 -> ChromeDriver: chrome on LINUX (null)
08-06-2020 11:33:20 INFO  CloseDriverCommand:50 - Trying to close the browser ChromeDriver ...
08-06-2020 11:33:20 INFO  CloseDriverCommand:41 - Closed webdriver 22 in 33 ms
08-06-2020 11:33:55 INFO  BaseTest:37 - Set up environment
08-06-2020 11:33:55 DEBUG CiReportUrl:28 - Variable selenide.reportsUrl not found
08-06-2020 11:33:55 INFO  WebDriverThreadLocalContainer:119 - No webdriver is bound to current thread: 1 - let's create a new webdriver
08-06-2020 11:33:55 DEBUG WebDriverFactory:47 - browser=chrome
08-06-2020 11:33:55 DEBUG WebDriverFactory:48 - browser.version=null
08-06-2020 11:33:55 DEBUG WebDriverFactory:49 - remote=null
08-06-2020 11:33:55 DEBUG WebDriverFactory:50 - browserSize=1366x768
08-06-2020 11:33:55 DEBUG WebDriverFactory:51 - startMaximized=false
08-06-2020 11:33:55 INFO  WebDriverManager:269 - Please answer the following questionnaire based on your experience with WebDriverManager. Thanks a lot!
08-06-2020 11:33:55 INFO  WebDriverManager:271 - ====> http://tiny.cc/wdm-survey <====
08-06-2020 11:33:56 DEBUG ResolutionCache:183 - Resolution chrome=83 in cache (valid until 18:50:47 08/06/2020 MSK)
08-06-2020 11:33:56 INFO  WebDriverManager:571 - Using chromedriver 83.0.4103.39 (since Chrome 83 is installed in your machine)
08-06-2020 11:33:56 DEBUG WebDriverManager:520 - Driver chromedriver 83.0.4103.39 found in cache
08-06-2020 11:33:56 INFO  WebDriverManager:615 - Exporting webdriver.chrome.driver as /home/ksenia/.m2/repository/webdriver/chromedriver/linux64/83.0.4103.39/chromedriver
08-06-2020 11:33:56 DEBUG ChromeDriverFactory:46 - Chrome options: Capabilities {acceptInsecureCerts: true, acceptSslCerts: true, browserName: chrome, goog:chromeOptions: {args: [--proxy-bypass-list=<-loopb...], excludeSwitches: [enable-automation, load-extension], extensions: [], prefs: {credentials_enable_service: false, download.default_directory: /home/ksenia/repo/work/AT_U...}}, handlesAlerts: true, javascriptEnabled: true, pageLoadStrategy: normal, takesScreenshot: true}
08-06-2020 11:33:58 INFO  BrowserResizer:28 - Set browser size to 1366x768
08-06-2020 11:33:58 INFO  WebDriverFactory:101 - BrowserName=chrome Version=83.0.4103.97 Platform=LINUX
08-06-2020 11:33:58 INFO  WebDriverFactory:60 - Selenide v. 5.12.2
08-06-2020 11:33:58 INFO  WebDriverFactory:94 - Selenium WebDriver v. 3.141.59 build time: 2018-11-14T08:17:03
08-06-2020 11:33:58 INFO  CreateDriverCommand:47 - Create webdriver in current thread 1: ChromeDriver -> ChromeDriver: chrome on LINUX (9ff9ed15d5dc9085ad365703fe4238b4)
08-06-2020 11:34:04 DEBUG BaseTest:30 - [шаг] вызвали pop up окно для выбора региона
08-06-2020 11:34:05 DEBUG BaseTest:17 - [шаг] установили регион Москва в поле ввода
08-06-2020 11:34:08 DEBUG BaseTest:45 - [шаг] ввели запрос в строку поиска Шоколадные конфеты в коробках, подарочные наборы
08-06-2020 11:34:08 DEBUG BaseTest:62 - [шаг] получили список элементов
08-06-2020 11:34:14 DEBUG ScreenShotLaboratory:405 - reportsUrl is not configured. Returning screenshot file name '/home/ksenia/repo/work/AT_UI_Demo/build/reports/tests/1591605254128.0.png'
08-06-2020 11:34:15 INFO  CloseDriverCommand:21 - Close webdriver: 1 -> ChromeDriver: chrome on LINUX (9ff9ed15d5dc9085ad365703fe4238b4)
08-06-2020 11:34:15 INFO  CloseDriverCommand:50 - Trying to close the browser ChromeDriver ...
08-06-2020 11:34:15 INFO  CloseDriverCommand:41 - Closed webdriver 1 in 49 ms
08-06-2020 11:34:15 INFO  CloseDriverCommand:21 - Close webdriver: 22 -> ChromeDriver: chrome on LINUX (null)
08-06-2020 11:34:15 INFO  CloseDriverCommand:50 - Trying to close the browser ChromeDriver ...
08-06-2020 11:34:15 INFO  CloseDriverCommand:41 - Closed webdriver 22 in 13 ms
08-06-2020 11:36:58 INFO  BaseTest:37 - Set up environment
08-06-2020 11:36:59 DEBUG CiReportUrl:28 - Variable selenide.reportsUrl not found
08-06-2020 11:36:59 INFO  WebDriverThreadLocalContainer:119 - No webdriver is bound to current thread: 1 - let's create a new webdriver
08-06-2020 11:36:59 DEBUG WebDriverFactory:47 - browser=chrome
08-06-2020 11:36:59 DEBUG WebDriverFactory:48 - browser.version=null
08-06-2020 11:36:59 DEBUG WebDriverFactory:49 - remote=null
08-06-2020 11:36:59 DEBUG WebDriverFactory:50 - browserSize=1366x768
08-06-2020 11:36:59 DEBUG WebDriverFactory:51 - startMaximized=false
08-06-2020 11:36:59 INFO  WebDriverManager:269 - Please answer the following questionnaire based on your experience with WebDriverManager. Thanks a lot!
08-06-2020 11:36:59 INFO  WebDriverManager:271 - ====> http://tiny.cc/wdm-survey <====
08-06-2020 11:36:59 DEBUG ResolutionCache:183 - Resolution chrome=83 in cache (valid until 18:50:47 08/06/2020 MSK)
08-06-2020 11:36:59 INFO  WebDriverManager:571 - Using chromedriver 83.0.4103.39 (since Chrome 83 is installed in your machine)
08-06-2020 11:36:59 DEBUG WebDriverManager:520 - Driver chromedriver 83.0.4103.39 found in cache
08-06-2020 11:36:59 INFO  WebDriverManager:615 - Exporting webdriver.chrome.driver as /home/ksenia/.m2/repository/webdriver/chromedriver/linux64/83.0.4103.39/chromedriver
08-06-2020 11:36:59 DEBUG ChromeDriverFactory:46 - Chrome options: Capabilities {acceptInsecureCerts: true, acceptSslCerts: true, browserName: chrome, goog:chromeOptions: {args: [--proxy-bypass-list=<-loopb...], excludeSwitches: [enable-automation, load-extension], extensions: [], prefs: {credentials_enable_service: false, download.default_directory: /home/ksenia/repo/work/AT_U...}}, handlesAlerts: true, javascriptEnabled: true, pageLoadStrategy: normal, takesScreenshot: true}
08-06-2020 11:37:01 INFO  BrowserResizer:28 - Set browser size to 1366x768
08-06-2020 11:37:01 INFO  WebDriverFactory:101 - BrowserName=chrome Version=83.0.4103.97 Platform=LINUX
08-06-2020 11:37:01 INFO  WebDriverFactory:60 - Selenide v. 5.12.2
08-06-2020 11:37:01 INFO  WebDriverFactory:94 - Selenium WebDriver v. 3.141.59 build time: 2018-11-14T08:17:03
08-06-2020 11:37:01 INFO  CreateDriverCommand:47 - Create webdriver in current thread 1: ChromeDriver -> ChromeDriver: chrome on LINUX (5b25bf27d83be6b6d336402754e0d3ea)
08-06-2020 11:37:11 DEBUG BaseTest:30 - [шаг] вызвали pop up окно для выбора региона
08-06-2020 11:37:12 DEBUG BaseTest:17 - [шаг] установили регион Москва в поле ввода
08-06-2020 11:37:15 DEBUG BaseTest:45 - [шаг] ввели запрос в строку поиска Шоколадные конфеты в коробках, подарочные наборы
08-06-2020 11:37:15 DEBUG BaseTest:62 - [шаг] получили список элементов
08-06-2020 11:37:25 DEBUG ScreenShotLaboratory:405 - reportsUrl is not configured. Returning screenshot file name '/home/ksenia/repo/work/AT_UI_Demo/build/reports/tests/1591605444667.0.png'
08-06-2020 11:37:26 INFO  CloseDriverCommand:21 - Close webdriver: 1 -> ChromeDriver: chrome on LINUX (5b25bf27d83be6b6d336402754e0d3ea)
08-06-2020 11:37:26 INFO  CloseDriverCommand:50 - Trying to close the browser ChromeDriver ...
08-06-2020 11:37:26 INFO  CloseDriverCommand:41 - Closed webdriver 1 in 59 ms
08-06-2020 11:37:26 INFO  CloseDriverCommand:21 - Close webdriver: 22 -> ChromeDriver: chrome on LINUX (null)
08-06-2020 11:37:26 INFO  CloseDriverCommand:50 - Trying to close the browser ChromeDriver ...
08-06-2020 11:37:26 INFO  CloseDriverCommand:41 - Closed webdriver 22 in 14 ms
08-06-2020 11:38:21 INFO  BaseTest:37 - Set up environment
08-06-2020 11:38:21 DEBUG CiReportUrl:28 - Variable selenide.reportsUrl not found
08-06-2020 11:38:21 INFO  WebDriverThreadLocalContainer:119 - No webdriver is bound to current thread: 1 - let's create a new webdriver
08-06-2020 11:38:21 DEBUG WebDriverFactory:47 - browser=chrome
08-06-2020 11:38:21 DEBUG WebDriverFactory:48 - browser.version=null
08-06-2020 11:38:21 DEBUG WebDriverFactory:49 - remote=null
08-06-2020 11:38:21 DEBUG WebDriverFactory:50 - browserSize=1366x768
08-06-2020 11:38:21 DEBUG WebDriverFactory:51 - startMaximized=false
08-06-2020 11:38:21 INFO  WebDriverManager:269 - Please answer the following questionnaire based on your experience with WebDriverManager. Thanks a lot!
08-06-2020 11:38:21 INFO  WebDriverManager:271 - ====> http://tiny.cc/wdm-survey <====
08-06-2020 11:38:22 DEBUG ResolutionCache:183 - Resolution chrome=83 in cache (valid until 18:50:47 08/06/2020 MSK)
08-06-2020 11:38:22 INFO  WebDriverManager:571 - Using chromedriver 83.0.4103.39 (since Chrome 83 is installed in your machine)
08-06-2020 11:38:22 DEBUG WebDriverManager:520 - Driver chromedriver 83.0.4103.39 found in cache
08-06-2020 11:38:22 INFO  WebDriverManager:615 - Exporting webdriver.chrome.driver as /home/ksenia/.m2/repository/webdriver/chromedriver/linux64/83.0.4103.39/chromedriver
08-06-2020 11:38:22 DEBUG ChromeDriverFactory:46 - Chrome options: Capabilities {acceptInsecureCerts: true, acceptSslCerts: true, browserName: chrome, goog:chromeOptions: {args: [--proxy-bypass-list=<-loopb...], excludeSwitches: [enable-automation, load-extension], extensions: [], prefs: {credentials_enable_service: false, download.default_directory: /home/ksenia/repo/work/AT_U...}}, handlesAlerts: true, javascriptEnabled: true, pageLoadStrategy: normal, takesScreenshot: true}
08-06-2020 11:38:24 INFO  BrowserResizer:28 - Set browser size to 1366x768
08-06-2020 11:38:24 INFO  WebDriverFactory:101 - BrowserName=chrome Version=83.0.4103.97 Platform=LINUX
08-06-2020 11:38:24 INFO  WebDriverFactory:60 - Selenide v. 5.12.2
08-06-2020 11:38:24 INFO  WebDriverFactory:94 - Selenium WebDriver v. 3.141.59 build time: 2018-11-14T08:17:03
08-06-2020 11:38:24 INFO  CreateDriverCommand:47 - Create webdriver in current thread 1: ChromeDriver -> ChromeDriver: chrome on LINUX (ba57ef6874c39de50030c863569131e0)
08-06-2020 11:38:29 DEBUG BaseTest:30 - [шаг] вызвали pop up окно для выбора региона
08-06-2020 11:38:31 DEBUG BaseTest:17 - [шаг] установили регион Москва в поле ввода
08-06-2020 11:38:34 DEBUG BaseTest:45 - [шаг] ввели запрос в строку поиска Шоколадные конфеты в коробках, подарочные наборы
08-06-2020 11:38:34 DEBUG BaseTest:62 - [шаг] получили список элементов
08-06-2020 11:38:41 DEBUG BaseTest:62 - [шаг] получили список элементов
08-06-2020 11:38:43 INFO  CloseDriverCommand:21 - Close webdriver: 1 -> ChromeDriver: chrome on LINUX (ba57ef6874c39de50030c863569131e0)
08-06-2020 11:38:43 INFO  CloseDriverCommand:50 - Trying to close the browser ChromeDriver ...
08-06-2020 11:38:43 INFO  CloseDriverCommand:41 - Closed webdriver 1 in 58 ms
08-06-2020 11:38:43 INFO  CloseDriverCommand:21 - Close webdriver: 23 -> ChromeDriver: chrome on LINUX (null)
08-06-2020 11:38:43 INFO  CloseDriverCommand:50 - Trying to close the browser ChromeDriver ...
08-06-2020 11:38:43 INFO  CloseDriverCommand:41 - Closed webdriver 23 in 8 ms
08-06-2020 11:39:28 INFO  BaseTest:37 - Set up environment
08-06-2020 11:39:29 DEBUG CiReportUrl:28 - Variable selenide.reportsUrl not found
08-06-2020 11:39:29 INFO  WebDriverThreadLocalContainer:119 - No webdriver is bound to current thread: 1 - let's create a new webdriver
08-06-2020 11:39:29 DEBUG WebDriverFactory:47 - browser=chrome
08-06-2020 11:39:29 DEBUG WebDriverFactory:48 - browser.version=null
08-06-2020 11:39:29 DEBUG WebDriverFactory:49 - remote=null
08-06-2020 11:39:29 DEBUG WebDriverFactory:50 - browserSize=1366x768
08-06-2020 11:39:29 DEBUG WebDriverFactory:51 - startMaximized=false
08-06-2020 11:39:29 INFO  WebDriverManager:269 - Please answer the following questionnaire based on your experience with WebDriverManager. Thanks a lot!
08-06-2020 11:39:29 INFO  WebDriverManager:271 - ====> http://tiny.cc/wdm-survey <====
08-06-2020 11:39:30 DEBUG ResolutionCache:183 - Resolution chrome=83 in cache (valid until 18:50:47 08/06/2020 MSK)
08-06-2020 11:39:30 INFO  WebDriverManager:571 - Using chromedriver 83.0.4103.39 (since Chrome 83 is installed in your machine)
08-06-2020 11:39:30 DEBUG WebDriverManager:520 - Driver chromedriver 83.0.4103.39 found in cache
08-06-2020 11:39:30 INFO  WebDriverManager:615 - Exporting webdriver.chrome.driver as /home/ksenia/.m2/repository/webdriver/chromedriver/linux64/83.0.4103.39/chromedriver
08-06-2020 11:39:30 DEBUG ChromeDriverFactory:46 - Chrome options: Capabilities {acceptInsecureCerts: true, acceptSslCerts: true, browserName: chrome, goog:chromeOptions: {args: [--proxy-bypass-list=<-loopb...], excludeSwitches: [enable-automation, load-extension], extensions: [], prefs: {credentials_enable_service: false, download.default_directory: /home/ksenia/repo/work/AT_U...}}, handlesAlerts: true, javascriptEnabled: true, pageLoadStrategy: normal, takesScreenshot: true}
08-06-2020 11:39:32 INFO  BrowserResizer:28 - Set browser size to 1366x768
08-06-2020 11:39:32 INFO  WebDriverFactory:101 - BrowserName=chrome Version=83.0.4103.97 Platform=LINUX
08-06-2020 11:39:32 INFO  WebDriverFactory:60 - Selenide v. 5.12.2
08-06-2020 11:39:32 INFO  WebDriverFactory:94 - Selenium WebDriver v. 3.141.59 build time: 2018-11-14T08:17:03
08-06-2020 11:39:32 INFO  CreateDriverCommand:47 - Create webdriver in current thread 1: ChromeDriver -> ChromeDriver: chrome on LINUX (03e2fe6720c6ccaf79698bdc41cf46d3)
08-06-2020 11:39:39 DEBUG BaseTest:30 - [шаг] вызвали pop up окно для выбора региона
08-06-2020 11:39:40 DEBUG BaseTest:17 - [шаг] установили регион Москва в поле ввода
08-06-2020 11:39:43 DEBUG BaseTest:45 - [шаг] ввели запрос в строку поиска Шоколадные конфеты в коробках, подарочные наборы
08-06-2020 11:39:43 DEBUG BaseTest:62 - [шаг] получили список элементов
08-06-2020 11:39:53 DEBUG ScreenShotLaboratory:405 - reportsUrl is not configured. Returning screenshot file name '/home/ksenia/repo/work/AT_UI_Demo/build/reports/tests/1591605592834.0.png'
08-06-2020 11:39:54 INFO  CloseDriverCommand:21 - Close webdriver: 1 -> ChromeDriver: chrome on LINUX (03e2fe6720c6ccaf79698bdc41cf46d3)
08-06-2020 11:39:54 INFO  CloseDriverCommand:50 - Trying to close the browser ChromeDriver ...
08-06-2020 11:39:54 INFO  CloseDriverCommand:41 - Closed webdriver 1 in 50 ms
08-06-2020 11:39:54 INFO  CloseDriverCommand:21 - Close webdriver: 23 -> ChromeDriver: chrome on LINUX (null)
08-06-2020 11:39:54 INFO  CloseDriverCommand:50 - Trying to close the browser ChromeDriver ...
08-06-2020 11:39:54 INFO  CloseDriverCommand:41 - Closed webdriver 23 in 11 ms
08-06-2020 11:40:42 INFO  BaseTest:37 - Set up environment
08-06-2020 11:40:42 DEBUG CiReportUrl:28 - Variable selenide.reportsUrl not found
08-06-2020 11:40:42 INFO  WebDriverThreadLocalContainer:119 - No webdriver is bound to current thread: 1 - let's create a new webdriver
08-06-2020 11:40:42 DEBUG WebDriverFactory:47 - browser=chrome
08-06-2020 11:40:42 DEBUG WebDriverFactory:48 - browser.version=null
08-06-2020 11:40:42 DEBUG WebDriverFactory:49 - remote=null
08-06-2020 11:40:42 DEBUG WebDriverFactory:50 - browserSize=1366x768
08-06-2020 11:40:42 DEBUG WebDriverFactory:51 - startMaximized=false
08-06-2020 11:40:42 INFO  WebDriverManager:269 - Please answer the following questionnaire based on your experience with WebDriverManager. Thanks a lot!
08-06-2020 11:40:42 INFO  WebDriverManager:271 - ====> http://tiny.cc/wdm-survey <====
08-06-2020 11:40:43 DEBUG ResolutionCache:183 - Resolution chrome=83 in cache (valid until 18:50:47 08/06/2020 MSK)
08-06-2020 11:40:43 INFO  WebDriverManager:571 - Using chromedriver 83.0.4103.39 (since Chrome 83 is installed in your machine)
08-06-2020 11:40:43 DEBUG WebDriverManager:520 - Driver chromedriver 83.0.4103.39 found in cache
08-06-2020 11:40:43 INFO  WebDriverManager:615 - Exporting webdriver.chrome.driver as /home/ksenia/.m2/repository/webdriver/chromedriver/linux64/83.0.4103.39/chromedriver
08-06-2020 11:40:43 DEBUG ChromeDriverFactory:46 - Chrome options: Capabilities {acceptInsecureCerts: true, acceptSslCerts: true, browserName: chrome, goog:chromeOptions: {args: [--proxy-bypass-list=<-loopb...], excludeSwitches: [enable-automation, load-extension], extensions: [], prefs: {credentials_enable_service: false, download.default_directory: /home/ksenia/repo/work/AT_U...}}, handlesAlerts: true, javascriptEnabled: true, pageLoadStrategy: normal, takesScreenshot: true}
08-06-2020 11:40:45 INFO  BrowserResizer:28 - Set browser size to 1366x768
08-06-2020 11:40:45 INFO  WebDriverFactory:101 - BrowserName=chrome Version=83.0.4103.97 Platform=LINUX
08-06-2020 11:40:45 INFO  WebDriverFactory:60 - Selenide v. 5.12.2
08-06-2020 11:40:45 INFO  WebDriverFactory:94 - Selenium WebDriver v. 3.141.59 build time: 2018-11-14T08:17:03
08-06-2020 11:40:45 INFO  CreateDriverCommand:47 - Create webdriver in current thread 1: ChromeDriver -> ChromeDriver: chrome on LINUX (ef2ccc7642d830007c7705b0bfbcd949)
08-06-2020 11:40:51 DEBUG BaseTest:30 - [шаг] вызвали pop up окно для выбора региона
08-06-2020 11:40:53 DEBUG BaseTest:17 - [шаг] установили регион Москва в поле ввода
08-06-2020 11:40:57 DEBUG BaseTest:45 - [шаг] ввели запрос в строку поиска Шоколадные конфеты в коробках, подарочные наборы
08-06-2020 11:40:57 DEBUG BaseTest:62 - [шаг] получили список элементов
08-06-2020 11:41:08 DEBUG BaseTest:62 - [шаг] получили список элементов
08-06-2020 11:41:13 DEBUG BaseTest:57 - [шаг] Отфильтровали результаты поиска по весу до 100
08-06-2020 11:41:13 ERROR NamingUtils:61 - Could not process empty pattern
08-06-2020 11:41:20 DEBUG BaseTest:81 - [шаг] Перешли на 4 страницу
08-06-2020 11:41:20 DEBUG BaseTest:72 - [шаг] Нашли наименование товара Raffaello в списке
08-06-2020 11:41:20 DEBUG BaseTest:62 - [шаг] получили список элементов
08-06-2020 11:41:32 DEBUG BaseTest:72 - [шаг] Нашли наименование товара Dove в списке
08-06-2020 11:41:32 DEBUG BaseTest:62 - [шаг] получили список элементов
08-06-2020 11:41:53 INFO  CloseDriverCommand:21 - Close webdriver: 1 -> ChromeDriver: chrome on LINUX (ef2ccc7642d830007c7705b0bfbcd949)
08-06-2020 11:41:53 INFO  CloseDriverCommand:50 - Trying to close the browser ChromeDriver ...
08-06-2020 11:41:53 INFO  CloseDriverCommand:41 - Closed webdriver 1 in 134 ms
08-06-2020 11:41:54 INFO  CloseDriverCommand:21 - Close webdriver: 23 -> ChromeDriver: chrome on LINUX (null)
08-06-2020 11:41:54 INFO  CloseDriverCommand:50 - Trying to close the browser ChromeDriver ...
08-06-2020 11:41:54 INFO  CloseDriverCommand:41 - Closed webdriver 23 in 1 ms
08-06-2020 11:42:23 INFO  BaseTest:37 - Set up environment
08-06-2020 11:42:24 DEBUG CiReportUrl:28 - Variable selenide.reportsUrl not found
08-06-2020 11:42:24 INFO  WebDriverThreadLocalContainer:119 - No webdriver is bound to current thread: 1 - let's create a new webdriver
08-06-2020 11:42:24 DEBUG WebDriverFactory:47 - browser=chrome
08-06-2020 11:42:24 DEBUG WebDriverFactory:48 - browser.version=null
08-06-2020 11:42:24 DEBUG WebDriverFactory:49 - remote=null
08-06-2020 11:42:24 DEBUG WebDriverFactory:50 - browserSize=1366x768
08-06-2020 11:42:24 DEBUG WebDriverFactory:51 - startMaximized=false
08-06-2020 11:42:24 INFO  WebDriverManager:269 - Please answer the following questionnaire based on your experience with WebDriverManager. Thanks a lot!
08-06-2020 11:42:24 INFO  WebDriverManager:271 - ====> http://tiny.cc/wdm-survey <====
08-06-2020 11:42:26 DEBUG ResolutionCache:183 - Resolution chrome=83 in cache (valid until 18:50:47 08/06/2020 MSK)
08-06-2020 11:42:26 INFO  WebDriverManager:571 - Using chromedriver 83.0.4103.39 (since Chrome 83 is installed in your machine)
08-06-2020 11:42:26 DEBUG WebDriverManager:520 - Driver chromedriver 83.0.4103.39 found in cache
08-06-2020 11:42:26 INFO  WebDriverManager:615 - Exporting webdriver.chrome.driver as /home/ksenia/.m2/repository/webdriver/chromedriver/linux64/83.0.4103.39/chromedriver
08-06-2020 11:42:26 DEBUG ChromeDriverFactory:46 - Chrome options: Capabilities {acceptInsecureCerts: true, acceptSslCerts: true, browserName: chrome, goog:chromeOptions: {args: [--proxy-bypass-list=<-loopb...], excludeSwitches: [enable-automation, load-extension], extensions: [], prefs: {credentials_enable_service: false, download.default_directory: /home/ksenia/repo/work/AT_U...}}, handlesAlerts: true, javascriptEnabled: true, pageLoadStrategy: normal, takesScreenshot: true}
08-06-2020 11:42:33 INFO  BrowserResizer:28 - Set browser size to 1366x768
08-06-2020 11:42:33 INFO  WebDriverFactory:101 - BrowserName=chrome Version=83.0.4103.97 Platform=LINUX
08-06-2020 11:42:33 INFO  WebDriverFactory:60 - Selenide v. 5.12.2
08-06-2020 11:42:33 INFO  WebDriverFactory:94 - Selenium WebDriver v. 3.141.59 build time: 2018-11-14T08:17:03
08-06-2020 11:42:33 INFO  CreateDriverCommand:47 - Create webdriver in current thread 1: ChromeDriver -> ChromeDriver: chrome on LINUX (3d6811943cc60be90fcb41106479d8e6)
08-06-2020 11:42:40 DEBUG BaseTest:30 - [шаг] вызвали pop up окно для выбора региона
08-06-2020 11:42:42 DEBUG BaseTest:17 - [шаг] установили регион Москва в поле ввода
08-06-2020 11:42:45 DEBUG BaseTest:45 - [шаг] ввели запрос в строку поиска Шоколадные конфеты в коробках, подарочные наборы
08-06-2020 11:42:45 DEBUG BaseTest:62 - [шаг] получили список элементов
08-06-2020 11:42:58 DEBUG ScreenShotLaboratory:405 - reportsUrl is not configured. Returning screenshot file name '/home/ksenia/repo/work/AT_UI_Demo/build/reports/tests/1591605778041.0.png'
08-06-2020 11:42:59 INFO  CloseDriverCommand:21 - Close webdriver: 1 -> ChromeDriver: chrome on LINUX (3d6811943cc60be90fcb41106479d8e6)
08-06-2020 11:42:59 INFO  CloseDriverCommand:50 - Trying to close the browser ChromeDriver ...
08-06-2020 11:42:59 INFO  CloseDriverCommand:41 - Closed webdriver 1 in 36 ms
08-06-2020 11:42:59 INFO  CloseDriverCommand:21 - Close webdriver: 22 -> ChromeDriver: chrome on LINUX (null)
08-06-2020 11:42:59 INFO  CloseDriverCommand:50 - Trying to close the browser ChromeDriver ...
08-06-2020 11:42:59 INFO  CloseDriverCommand:41 - Closed webdriver 22 in 13 ms
08-06-2020 14:08:21 INFO  BaseTest:37 - Set up environment
08-06-2020 14:08:22 DEBUG CiReportUrl:28 - Variable selenide.reportsUrl not found
08-06-2020 14:08:22 INFO  WebDriverThreadLocalContainer:119 - No webdriver is bound to current thread: 1 - let's create a new webdriver
08-06-2020 14:08:22 DEBUG WebDriverFactory:47 - browser=chrome
08-06-2020 14:08:22 DEBUG WebDriverFactory:48 - browser.version=null
08-06-2020 14:08:22 DEBUG WebDriverFactory:49 - remote=null
08-06-2020 14:08:22 DEBUG WebDriverFactory:50 - browserSize=1366x768
08-06-2020 14:08:22 DEBUG WebDriverFactory:51 - startMaximized=false
08-06-2020 14:08:22 INFO  WebDriverManager:269 - Please answer the following questionnaire based on your experience with WebDriverManager. Thanks a lot!
08-06-2020 14:08:22 INFO  WebDriverManager:271 - ====> http://tiny.cc/wdm-survey <====
08-06-2020 14:08:24 DEBUG ResolutionCache:183 - Resolution chrome=83 in cache (valid until 18:50:47 08/06/2020 MSK)
08-06-2020 14:08:24 INFO  WebDriverManager:571 - Using chromedriver 83.0.4103.39 (since Chrome 83 is installed in your machine)
08-06-2020 14:08:24 DEBUG WebDriverManager:520 - Driver chromedriver 83.0.4103.39 found in cache
08-06-2020 14:08:24 INFO  WebDriverManager:615 - Exporting webdriver.chrome.driver as /home/ksenia/.m2/repository/webdriver/chromedriver/linux64/83.0.4103.39/chromedriver
08-06-2020 14:08:24 DEBUG ChromeDriverFactory:46 - Chrome options: Capabilities {acceptInsecureCerts: true, acceptSslCerts: true, browserName: chrome, goog:chromeOptions: {args: [--proxy-bypass-list=<-loopb...], excludeSwitches: [enable-automation, load-extension], extensions: [], prefs: {credentials_enable_service: false, download.default_directory: /home/ksenia/repo/work/AT_U...}}, handlesAlerts: true, javascriptEnabled: true, pageLoadStrategy: normal, takesScreenshot: true}
08-06-2020 14:08:27 INFO  BrowserResizer:28 - Set browser size to 1366x768
08-06-2020 14:08:27 INFO  WebDriverFactory:101 - BrowserName=chrome Version=83.0.4103.97 Platform=LINUX
08-06-2020 14:08:27 INFO  WebDriverFactory:60 - Selenide v. 5.12.2
08-06-2020 14:08:27 INFO  WebDriverFactory:94 - Selenium WebDriver v. 3.141.59 build time: 2018-11-14T08:17:03
08-06-2020 14:08:27 INFO  CreateDriverCommand:47 - Create webdriver in current thread 1: ChromeDriver -> ChromeDriver: chrome on LINUX (58fad85f78274a04536a33418736a6d5)
08-06-2020 14:08:33 DEBUG BaseTest:30 - [шаг] вызвали pop up окно для выбора региона
08-06-2020 14:08:35 DEBUG BaseTest:17 - [шаг] установили регион Москва в поле ввода
08-06-2020 14:08:38 DEBUG BaseTest:45 - [шаг] ввели запрос в строку поиска Шоколадные конфеты в коробках, подарочные наборы
08-06-2020 14:08:38 DEBUG BaseTest:62 - [шаг] получили список элементов
08-06-2020 14:08:50 DEBUG BaseTest:62 - [шаг] получили список элементов
08-06-2020 14:08:55 DEBUG BaseTest:57 - [шаг] Отфильтровали результаты поиска по весу до 100
08-06-2020 14:08:55 ERROR NamingUtils:61 - Could not process empty pattern
08-06-2020 14:09:02 DEBUG BaseTest:81 - [шаг] Перешли на 4 страницу
08-06-2020 14:09:02 DEBUG BaseTest:72 - [шаг] Нашли наименование товара Raffaello в списке
08-06-2020 14:09:02 DEBUG BaseTest:62 - [шаг] получили список элементов
08-06-2020 14:09:13 DEBUG BaseTest:72 - [шаг] Нашли наименование товара Dove в списке
08-06-2020 14:09:13 DEBUG BaseTest:62 - [шаг] получили список элементов
08-06-2020 14:09:38 INFO  CloseDriverCommand:21 - Close webdriver: 1 -> ChromeDriver: chrome on LINUX (58fad85f78274a04536a33418736a6d5)
08-06-2020 14:09:38 INFO  CloseDriverCommand:50 - Trying to close the browser ChromeDriver ...
08-06-2020 14:09:39 INFO  CloseDriverCommand:41 - Closed webdriver 1 in 439 ms
08-06-2020 14:09:42 INFO  CloseDriverCommand:21 - Close webdriver: 22 -> ChromeDriver: chrome on LINUX (null)
08-06-2020 14:09:42 INFO  CloseDriverCommand:50 - Trying to close the browser ChromeDriver ...
08-06-2020 14:09:42 INFO  CloseDriverCommand:41 - Closed webdriver 22 in 2 ms
08-06-2020 14:12:27 INFO  BaseTest:38 - Set up environment
08-06-2020 14:12:28 DEBUG CiReportUrl:28 - Variable selenide.reportsUrl not found
08-06-2020 14:12:28 INFO  WebDriverThreadLocalContainer:119 - No webdriver is bound to current thread: 1 - let's create a new webdriver
08-06-2020 14:12:28 DEBUG WebDriverFactory:47 - browser=chrome
08-06-2020 14:12:28 DEBUG WebDriverFactory:48 - browser.version=null
08-06-2020 14:12:28 DEBUG WebDriverFactory:49 - remote=null
08-06-2020 14:12:28 DEBUG WebDriverFactory:50 - browserSize=1366x768
08-06-2020 14:12:28 DEBUG WebDriverFactory:51 - startMaximized=false
08-06-2020 14:12:28 INFO  WebDriverManager:269 - Please answer the following questionnaire based on your experience with WebDriverManager. Thanks a lot!
08-06-2020 14:12:28 INFO  WebDriverManager:271 - ====> http://tiny.cc/wdm-survey <====
08-06-2020 14:12:29 DEBUG ResolutionCache:183 - Resolution chrome=83 in cache (valid until 18:50:47 08/06/2020 MSK)
08-06-2020 14:12:29 INFO  WebDriverManager:571 - Using chromedriver 83.0.4103.39 (since Chrome 83 is installed in your machine)
08-06-2020 14:12:29 DEBUG WebDriverManager:520 - Driver chromedriver 83.0.4103.39 found in cache
08-06-2020 14:12:29 INFO  WebDriverManager:615 - Exporting webdriver.chrome.driver as /home/ksenia/.m2/repository/webdriver/chromedriver/linux64/83.0.4103.39/chromedriver
08-06-2020 14:12:29 DEBUG ChromeDriverFactory:46 - Chrome options: Capabilities {acceptInsecureCerts: true, acceptSslCerts: true, browserName: chrome, goog:chromeOptions: {args: [--proxy-bypass-list=<-loopb...], excludeSwitches: [enable-automation, load-extension], extensions: [], prefs: {credentials_enable_service: false, download.default_directory: /home/ksenia/repo/work/AT_U...}}, handlesAlerts: true, javascriptEnabled: true, pageLoadStrategy: normal, takesScreenshot: true}
08-06-2020 14:12:41 INFO  BrowserResizer:28 - Set browser size to 1366x768
08-06-2020 14:12:41 INFO  WebDriverFactory:101 - BrowserName=chrome Version=83.0.4103.97 Platform=LINUX
08-06-2020 14:12:41 INFO  WebDriverFactory:60 - Selenide v. 5.12.2
08-06-2020 14:12:41 INFO  WebDriverFactory:94 - Selenium WebDriver v. 3.141.59 build time: 2018-11-14T08:17:03
08-06-2020 14:12:41 INFO  CreateDriverCommand:47 - Create webdriver in current thread 1: ChromeDriver -> ChromeDriver: chrome on LINUX (ec19966b246910780c39197f45707ceb)
08-06-2020 14:12:48 DEBUG BaseTest:30 - [шаг] вызвали pop up окно для выбора региона
08-06-2020 14:12:50 DEBUG BaseTest:17 - [шаг] установили регион Москва в поле ввода
08-06-2020 14:12:53 DEBUG BaseTest:45 - [шаг] ввели запрос в строку поиска Шоколадные конфеты в коробках, подарочные наборы
08-06-2020 14:12:53 DEBUG BaseTest:62 - [шаг] получили список элементов
08-06-2020 14:13:04 DEBUG BaseTest:62 - [шаг] получили список элементов
08-06-2020 14:13:09 DEBUG BaseTest:57 - [шаг] Отфильтровали результаты поиска по весу до 100
08-06-2020 14:13:09 ERROR NamingUtils:61 - Could not process empty pattern
08-06-2020 14:13:16 DEBUG BaseTest:81 - [шаг] Перешли на 4 страницу
08-06-2020 14:13:16 DEBUG BaseTest:72 - [шаг] Нашли наименование товара Raffaello в списке
08-06-2020 14:13:16 DEBUG BaseTest:62 - [шаг] получили список элементов
08-06-2020 14:13:27 DEBUG BaseTest:72 - [шаг] Нашли наименование товара Dove в списке
08-06-2020 14:13:27 DEBUG BaseTest:62 - [шаг] получили список элементов
08-06-2020 14:13:59 INFO  CloseDriverCommand:21 - Close webdriver: 1 -> ChromeDriver: chrome on LINUX (ec19966b246910780c39197f45707ceb)
08-06-2020 14:14:00 INFO  CloseDriverCommand:50 - Trying to close the browser ChromeDriver ...
08-06-2020 14:14:00 INFO  CloseDriverCommand:41 - Closed webdriver 1 in 135 ms
08-06-2020 14:14:05 INFO  CloseDriverCommand:21 - Close webdriver: 22 -> ChromeDriver: chrome on LINUX (null)
08-06-2020 14:14:05 INFO  CloseDriverCommand:50 - Trying to close the browser ChromeDriver ...
08-06-2020 14:14:05 INFO  CloseDriverCommand:41 - Closed webdriver 22 in 2 ms
08-06-2020 14:16:36 INFO  BaseTest:38 - Set up environment
08-06-2020 14:16:37 DEBUG CiReportUrl:28 - Variable selenide.reportsUrl not found
08-06-2020 14:16:37 INFO  WebDriverThreadLocalContainer:119 - No webdriver is bound to current thread: 1 - let's create a new webdriver
08-06-2020 14:16:37 DEBUG WebDriverFactory:47 - browser=chrome
08-06-2020 14:16:37 DEBUG WebDriverFactory:48 - browser.version=null
08-06-2020 14:16:37 DEBUG WebDriverFactory:49 - remote=null
08-06-2020 14:16:37 DEBUG WebDriverFactory:50 - browserSize=1366x768
08-06-2020 14:16:37 DEBUG WebDriverFactory:51 - startMaximized=false
08-06-2020 14:16:37 INFO  WebDriverManager:269 - Please answer the following questionnaire based on your experience with WebDriverManager. Thanks a lot!
08-06-2020 14:16:37 INFO  WebDriverManager:271 - ====> http://tiny.cc/wdm-survey <====
08-06-2020 14:16:38 DEBUG ResolutionCache:183 - Resolution chrome=83 in cache (valid until 18:50:47 08/06/2020 MSK)
08-06-2020 14:16:38 INFO  WebDriverManager:571 - Using chromedriver 83.0.4103.39 (since Chrome 83 is installed in your machine)
08-06-2020 14:16:38 DEBUG WebDriverManager:520 - Driver chromedriver 83.0.4103.39 found in cache
08-06-2020 14:16:38 INFO  WebDriverManager:615 - Exporting webdriver.chrome.driver as /home/ksenia/.m2/repository/webdriver/chromedriver/linux64/83.0.4103.39/chromedriver
08-06-2020 14:16:38 DEBUG ChromeDriverFactory:46 - Chrome options: Capabilities {acceptInsecureCerts: true, acceptSslCerts: true, browserName: chrome, goog:chromeOptions: {args: [--proxy-bypass-list=<-loopb...], excludeSwitches: [enable-automation, load-extension], extensions: [], prefs: {credentials_enable_service: false, download.default_directory: /home/ksenia/repo/work/AT_U...}}, handlesAlerts: true, javascriptEnabled: true, pageLoadStrategy: normal, takesScreenshot: true}
08-06-2020 14:16:45 INFO  BrowserResizer:28 - Set browser size to 1366x768
08-06-2020 14:16:45 INFO  WebDriverFactory:101 - BrowserName=chrome Version=83.0.4103.97 Platform=LINUX
08-06-2020 14:16:45 INFO  WebDriverFactory:60 - Selenide v. 5.12.2
08-06-2020 14:16:45 INFO  WebDriverFactory:94 - Selenium WebDriver v. 3.141.59 build time: 2018-11-14T08:17:03
08-06-2020 14:16:45 INFO  CreateDriverCommand:47 - Create webdriver in current thread 1: ChromeDriver -> ChromeDriver: chrome on LINUX (a073f2559e0f0eb7990d928aa38de929)
08-06-2020 14:16:51 DEBUG BaseTest:30 - [шаг] вызвали pop up окно для выбора региона
08-06-2020 14:16:52 DEBUG BaseTest:17 - [шаг] установили регион Москва в поле ввода
08-06-2020 14:16:55 DEBUG BaseTest:45 - [шаг] ввели запрос в строку поиска Шоколадные конфеты в коробках, подарочные наборы
08-06-2020 14:16:55 DEBUG BaseTest:62 - [шаг] получили список элементов
08-06-2020 14:17:06 DEBUG BaseTest:62 - [шаг] получили список элементов
08-06-2020 14:17:11 DEBUG BaseTest:57 - [шаг] Отфильтровали результаты поиска по весу до 100
08-06-2020 14:17:11 ERROR NamingUtils:61 - Could not process empty pattern
08-06-2020 14:17:18 DEBUG BaseTest:81 - [шаг] Перешли на 4 страницу
08-06-2020 14:17:18 DEBUG BaseTest:72 - [шаг] Нашли наименование товара Raffaello в списке
08-06-2020 14:17:18 DEBUG BaseTest:62 - [шаг] получили список элементов
08-06-2020 14:17:29 DEBUG BaseTest:72 - [шаг] Нашли наименование товара Dove в списке
08-06-2020 14:17:29 DEBUG BaseTest:62 - [шаг] получили список элементов
08-06-2020 14:17:53 INFO  CloseDriverCommand:21 - Close webdriver: 1 -> ChromeDriver: chrome on LINUX (a073f2559e0f0eb7990d928aa38de929)
08-06-2020 14:17:53 INFO  CloseDriverCommand:50 - Trying to close the browser ChromeDriver ...
08-06-2020 14:17:53 INFO  CloseDriverCommand:41 - Closed webdriver 1 in 106 ms
08-06-2020 14:17:56 INFO  CloseDriverCommand:21 - Close webdriver: 22 -> ChromeDriver: chrome on LINUX (null)
08-06-2020 14:17:56 INFO  CloseDriverCommand:50 - Trying to close the browser ChromeDriver ...
08-06-2020 14:17:56 INFO  CloseDriverCommand:41 - Closed webdriver 22 in 1 ms
08-06-2020 14:19:02 INFO  BaseTest:38 - Set up environment
08-06-2020 14:19:02 DEBUG CiReportUrl:28 - Variable selenide.reportsUrl not found
08-06-2020 14:19:03 INFO  WebDriverThreadLocalContainer:119 - No webdriver is bound to current thread: 1 - let's create a new webdriver
08-06-2020 14:19:03 DEBUG WebDriverFactory:47 - browser=chrome
08-06-2020 14:19:03 DEBUG WebDriverFactory:48 - browser.version=null
08-06-2020 14:19:03 DEBUG WebDriverFactory:49 - remote=null
08-06-2020 14:19:03 DEBUG WebDriverFactory:50 - browserSize=1366x768
08-06-2020 14:19:03 DEBUG WebDriverFactory:51 - startMaximized=false
08-06-2020 14:19:03 INFO  WebDriverManager:269 - Please answer the following questionnaire based on your experience with WebDriverManager. Thanks a lot!
08-06-2020 14:19:03 INFO  WebDriverManager:271 - ====> http://tiny.cc/wdm-survey <====
08-06-2020 14:19:03 DEBUG ResolutionCache:183 - Resolution chrome=83 in cache (valid until 18:50:47 08/06/2020 MSK)
08-06-2020 14:19:03 INFO  WebDriverManager:571 - Using chromedriver 83.0.4103.39 (since Chrome 83 is installed in your machine)
08-06-2020 14:19:03 DEBUG WebDriverManager:520 - Driver chromedriver 83.0.4103.39 found in cache
08-06-2020 14:19:03 INFO  WebDriverManager:615 - Exporting webdriver.chrome.driver as /home/ksenia/.m2/repository/webdriver/chromedriver/linux64/83.0.4103.39/chromedriver
08-06-2020 14:19:03 DEBUG ChromeDriverFactory:46 - Chrome options: Capabilities {acceptInsecureCerts: true, acceptSslCerts: true, browserName: chrome, goog:chromeOptions: {args: [--proxy-bypass-list=<-loopb...], excludeSwitches: [enable-automation, load-extension], extensions: [], prefs: {credentials_enable_service: false, download.default_directory: /home/ksenia/repo/work/AT_U...}}, handlesAlerts: true, javascriptEnabled: true, pageLoadStrategy: normal, takesScreenshot: true}
08-06-2020 14:19:08 INFO  BrowserResizer:28 - Set browser size to 1366x768
08-06-2020 14:19:09 INFO  WebDriverFactory:101 - BrowserName=chrome Version=83.0.4103.97 Platform=LINUX
08-06-2020 14:19:09 INFO  WebDriverFactory:60 - Selenide v. 5.12.2
08-06-2020 14:19:09 INFO  WebDriverFactory:94 - Selenium WebDriver v. 3.141.59 build time: 2018-11-14T08:17:03
08-06-2020 14:19:09 INFO  CreateDriverCommand:47 - Create webdriver in current thread 1: ChromeDriver -> ChromeDriver: chrome on LINUX (a2701388a1a3b8b18d2cb8f17e4a9ac4)
08-06-2020 14:19:15 DEBUG BaseTest:30 - [шаг] вызвали pop up окно для выбора региона
08-06-2020 14:19:16 DEBUG BaseTest:17 - [шаг] установили регион Москва в поле ввода
08-06-2020 14:19:19 DEBUG BaseTest:45 - [шаг] ввели запрос в строку поиска Шоколадные конфеты в коробках, подарочные наборы
08-06-2020 14:19:19 DEBUG BaseTest:62 - [шаг] получили список элементов
08-06-2020 14:19:30 DEBUG BaseTest:62 - [шаг] получили список элементов
08-06-2020 14:19:36 DEBUG BaseTest:57 - [шаг] Отфильтровали результаты поиска по весу до 100
08-06-2020 14:19:36 ERROR NamingUtils:61 - Could not process empty pattern
08-06-2020 14:19:42 DEBUG BaseTest:81 - [шаг] Перешли на 4 страницу
08-06-2020 14:19:42 DEBUG BaseTest:72 - [шаг] Нашли наименование товара Raffaello в списке
08-06-2020 14:19:42 DEBUG BaseTest:62 - [шаг] получили список элементов
08-06-2020 14:19:54 DEBUG BaseTest:72 - [шаг] Нашли наименование товара Dove в списке
08-06-2020 14:19:54 DEBUG BaseTest:62 - [шаг] получили список элементов
08-06-2020 14:20:10 INFO  CloseDriverCommand:21 - Close webdriver: 1 -> ChromeDriver: chrome on LINUX (a2701388a1a3b8b18d2cb8f17e4a9ac4)
08-06-2020 14:20:10 INFO  CloseDriverCommand:50 - Trying to close the browser ChromeDriver ...
08-06-2020 14:20:10 INFO  CloseDriverCommand:41 - Closed webdriver 1 in 101 ms
08-06-2020 14:20:11 INFO  CloseDriverCommand:21 - Close webdriver: 22 -> ChromeDriver: chrome on LINUX (null)
08-06-2020 14:20:11 INFO  CloseDriverCommand:50 - Trying to close the browser ChromeDriver ...
08-06-2020 14:20:11 INFO  CloseDriverCommand:41 - Closed webdriver 22 in 1 ms
08-06-2020 14:24:55 INFO  BaseTest:38 - Set up environment
08-06-2020 14:24:56 DEBUG CiReportUrl:28 - Variable selenide.reportsUrl not found
08-06-2020 14:24:56 INFO  WebDriverThreadLocalContainer:119 - No webdriver is bound to current thread: 1 - let's create a new webdriver
08-06-2020 14:24:56 DEBUG WebDriverFactory:47 - browser=chrome
08-06-2020 14:24:56 DEBUG WebDriverFactory:48 - browser.version=null
08-06-2020 14:24:56 DEBUG WebDriverFactory:49 - remote=null
08-06-2020 14:24:56 DEBUG WebDriverFactory:50 - browserSize=1366x768
08-06-2020 14:24:56 DEBUG WebDriverFactory:51 - startMaximized=false
08-06-2020 14:24:56 INFO  WebDriverManager:269 - Please answer the following questionnaire based on your experience with WebDriverManager. Thanks a lot!
08-06-2020 14:24:56 INFO  WebDriverManager:271 - ====> http://tiny.cc/wdm-survey <====
08-06-2020 14:24:58 DEBUG ResolutionCache:183 - Resolution chrome=83 in cache (valid until 18:50:47 08/06/2020 MSK)
08-06-2020 14:24:58 INFO  WebDriverManager:571 - Using chromedriver 83.0.4103.39 (since Chrome 83 is installed in your machine)
08-06-2020 14:24:58 DEBUG WebDriverManager:520 - Driver chromedriver 83.0.4103.39 found in cache
08-06-2020 14:24:58 INFO  WebDriverManager:615 - Exporting webdriver.chrome.driver as /home/ksenia/.m2/repository/webdriver/chromedriver/linux64/83.0.4103.39/chromedriver
08-06-2020 14:24:58 DEBUG ChromeDriverFactory:46 - Chrome options: Capabilities {acceptInsecureCerts: true, acceptSslCerts: true, browserName: chrome, goog:chromeOptions: {args: [--proxy-bypass-list=<-loopb...], excludeSwitches: [enable-automation, load-extension], extensions: [], prefs: {credentials_enable_service: false, download.default_directory: /home/ksenia/repo/work/AT_U...}}, handlesAlerts: true, javascriptEnabled: true, pageLoadStrategy: normal, takesScreenshot: true}
08-06-2020 14:25:03 INFO  BrowserResizer:28 - Set browser size to 1366x768
08-06-2020 14:25:03 INFO  WebDriverFactory:101 - BrowserName=chrome Version=83.0.4103.97 Platform=LINUX
08-06-2020 14:25:03 INFO  WebDriverFactory:60 - Selenide v. 5.12.2
08-06-2020 14:25:03 INFO  WebDriverFactory:94 - Selenium WebDriver v. 3.141.59 build time: 2018-11-14T08:17:03
08-06-2020 14:25:03 INFO  CreateDriverCommand:47 - Create webdriver in current thread 1: ChromeDriver -> ChromeDriver: chrome on LINUX (c1e60a89c1b649280487d8f82b5493d8)
08-06-2020 14:25:19 DEBUG BaseTest:30 - [шаг] вызвали pop up окно для выбора региона
08-06-2020 14:25:22 DEBUG BaseTest:17 - [шаг] установили регион Москва в поле ввода
08-06-2020 14:25:26 DEBUG BaseTest:45 - [шаг] ввели запрос в строку поиска Шоколадные конфеты в коробках, подарочные наборы
08-06-2020 14:25:26 DEBUG BaseTest:62 - [шаг] получили список элементов
08-06-2020 14:25:39 DEBUG ScreenShotLaboratory:405 - reportsUrl is not configured. Returning screenshot file name '/home/ksenia/repo/work/AT_UI_Demo/build/reports/tests/1591615539242.0.png'
08-06-2020 14:25:40 INFO  CloseDriverCommand:21 - Close webdriver: 1 -> ChromeDriver: chrome on LINUX (c1e60a89c1b649280487d8f82b5493d8)
08-06-2020 14:25:40 INFO  CloseDriverCommand:50 - Trying to close the browser ChromeDriver ...
08-06-2020 14:25:40 INFO  CloseDriverCommand:41 - Closed webdriver 1 in 57 ms
08-06-2020 14:25:41 INFO  CloseDriverCommand:21 - Close webdriver: 22 -> ChromeDriver: chrome on LINUX (null)
08-06-2020 14:25:41 INFO  CloseDriverCommand:50 - Trying to close the browser ChromeDriver ...
08-06-2020 14:25:41 INFO  CloseDriverCommand:41 - Closed webdriver 22 in 9 ms
08-06-2020 14:26:17 INFO  BaseTest:38 - Set up environment
08-06-2020 14:26:17 DEBUG CiReportUrl:28 - Variable selenide.reportsUrl not found
08-06-2020 14:26:17 INFO  WebDriverThreadLocalContainer:119 - No webdriver is bound to current thread: 1 - let's create a new webdriver
08-06-2020 14:26:17 DEBUG WebDriverFactory:47 - browser=chrome
08-06-2020 14:26:17 DEBUG WebDriverFactory:48 - browser.version=null
08-06-2020 14:26:17 DEBUG WebDriverFactory:49 - remote=null
08-06-2020 14:26:17 DEBUG WebDriverFactory:50 - browserSize=1366x768
08-06-2020 14:26:17 DEBUG WebDriverFactory:51 - startMaximized=false
08-06-2020 14:26:17 INFO  WebDriverManager:269 - Please answer the following questionnaire based on your experience with WebDriverManager. Thanks a lot!
08-06-2020 14:26:17 INFO  WebDriverManager:271 - ====> http://tiny.cc/wdm-survey <====
08-06-2020 14:26:18 DEBUG ResolutionCache:183 - Resolution chrome=83 in cache (valid until 18:50:47 08/06/2020 MSK)
08-06-2020 14:26:18 INFO  WebDriverManager:571 - Using chromedriver 83.0.4103.39 (since Chrome 83 is installed in your machine)
08-06-2020 14:26:18 DEBUG WebDriverManager:520 - Driver chromedriver 83.0.4103.39 found in cache
08-06-2020 14:26:18 INFO  WebDriverManager:615 - Exporting webdriver.chrome.driver as /home/ksenia/.m2/repository/webdriver/chromedriver/linux64/83.0.4103.39/chromedriver
08-06-2020 14:26:18 DEBUG ChromeDriverFactory:46 - Chrome options: Capabilities {acceptInsecureCerts: true, acceptSslCerts: true, browserName: chrome, goog:chromeOptions: {args: [--proxy-bypass-list=<-loopb...], excludeSwitches: [enable-automation, load-extension], extensions: [], prefs: {credentials_enable_service: false, download.default_directory: /home/ksenia/repo/work/AT_U...}}, handlesAlerts: true, javascriptEnabled: true, pageLoadStrategy: normal, takesScreenshot: true}
08-06-2020 14:26:20 INFO  BrowserResizer:28 - Set browser size to 1366x768
08-06-2020 14:26:21 INFO  WebDriverFactory:101 - BrowserName=chrome Version=83.0.4103.97 Platform=LINUX
08-06-2020 14:26:21 INFO  WebDriverFactory:60 - Selenide v. 5.12.2
08-06-2020 14:26:21 INFO  WebDriverFactory:94 - Selenium WebDriver v. 3.141.59 build time: 2018-11-14T08:17:03
08-06-2020 14:26:21 INFO  CreateDriverCommand:47 - Create webdriver in current thread 1: ChromeDriver -> ChromeDriver: chrome on LINUX (fa6f619836eecdf607687e13b217ac3b)
08-06-2020 14:26:27 DEBUG BaseTest:30 - [шаг] вызвали pop up окно для выбора региона
08-06-2020 14:26:28 DEBUG BaseTest:17 - [шаг] установили регион Москва в поле ввода
08-06-2020 14:26:31 DEBUG BaseTest:45 - [шаг] ввели запрос в строку поиска Шоколадные конфеты в коробках, подарочные наборы
08-06-2020 14:26:31 DEBUG BaseTest:62 - [шаг] получили список элементов
08-06-2020 14:26:45 DEBUG BaseTest:62 - [шаг] получили список элементов
08-06-2020 14:26:51 DEBUG BaseTest:57 - [шаг] Отфильтровали результаты поиска по весу до 100
08-06-2020 14:26:51 ERROR NamingUtils:61 - Could not process empty pattern
08-06-2020 14:26:57 DEBUG BaseTest:81 - [шаг] Перешли на 4 страницу
08-06-2020 14:26:57 DEBUG BaseTest:72 - [шаг] Нашли наименование товара Raffaello в списке
08-06-2020 14:26:57 DEBUG BaseTest:62 - [шаг] получили список элементов
08-06-2020 14:27:08 DEBUG BaseTest:72 - [шаг] Нашли наименование товара Dove в списке
08-06-2020 14:27:08 DEBUG BaseTest:62 - [шаг] получили список элементов
08-06-2020 14:27:22 INFO  CloseDriverCommand:21 - Close webdriver: 1 -> ChromeDriver: chrome on LINUX (fa6f619836eecdf607687e13b217ac3b)
08-06-2020 14:27:22 INFO  CloseDriverCommand:50 - Trying to close the browser ChromeDriver ...
08-06-2020 14:27:22 INFO  CloseDriverCommand:41 - Closed webdriver 1 in 67 ms
08-06-2020 14:27:24 INFO  CloseDriverCommand:21 - Close webdriver: 22 -> ChromeDriver: chrome on LINUX (null)
08-06-2020 14:27:24 INFO  CloseDriverCommand:50 - Trying to close the browser ChromeDriver ...
08-06-2020 14:27:24 INFO  CloseDriverCommand:41 - Closed webdriver 22 in 3 ms
08-06-2020 14:30:10 INFO  BaseTest:38 - Set up environment
08-06-2020 14:30:10 DEBUG CiReportUrl:28 - Variable selenide.reportsUrl not found
08-06-2020 14:30:10 INFO  WebDriverThreadLocalContainer:119 - No webdriver is bound to current thread: 1 - let's create a new webdriver
08-06-2020 14:30:10 DEBUG WebDriverFactory:47 - browser=chrome
08-06-2020 14:30:10 DEBUG WebDriverFactory:48 - browser.version=null
08-06-2020 14:30:10 DEBUG WebDriverFactory:49 - remote=null
08-06-2020 14:30:10 DEBUG WebDriverFactory:50 - browserSize=1366x768
08-06-2020 14:30:10 DEBUG WebDriverFactory:51 - startMaximized=false
08-06-2020 14:30:11 INFO  WebDriverManager:269 - Please answer the following questionnaire based on your experience with WebDriverManager. Thanks a lot!
08-06-2020 14:30:11 INFO  WebDriverManager:271 - ====> http://tiny.cc/wdm-survey <====
08-06-2020 14:30:12 DEBUG ResolutionCache:183 - Resolution chrome=83 in cache (valid until 18:50:47 08/06/2020 MSK)
08-06-2020 14:30:12 INFO  WebDriverManager:571 - Using chromedriver 83.0.4103.39 (since Chrome 83 is installed in your machine)
08-06-2020 14:30:12 DEBUG WebDriverManager:520 - Driver chromedriver 83.0.4103.39 found in cache
08-06-2020 14:30:12 INFO  WebDriverManager:615 - Exporting webdriver.chrome.driver as /home/ksenia/.m2/repository/webdriver/chromedriver/linux64/83.0.4103.39/chromedriver
08-06-2020 14:30:12 DEBUG ChromeDriverFactory:46 - Chrome options: Capabilities {acceptInsecureCerts: true, acceptSslCerts: true, browserName: chrome, goog:chromeOptions: {args: [--proxy-bypass-list=<-loopb...], excludeSwitches: [enable-automation, load-extension], extensions: [], prefs: {credentials_enable_service: false, download.default_directory: /home/ksenia/repo/work/AT_U...}}, handlesAlerts: true, javascriptEnabled: true, pageLoadStrategy: normal, takesScreenshot: true}
08-06-2020 14:30:14 INFO  BrowserResizer:28 - Set browser size to 1366x768
08-06-2020 14:30:15 INFO  WebDriverFactory:101 - BrowserName=chrome Version=83.0.4103.97 Platform=LINUX
08-06-2020 14:30:15 INFO  WebDriverFactory:60 - Selenide v. 5.12.2
08-06-2020 14:30:15 INFO  WebDriverFactory:94 - Selenium WebDriver v. 3.141.59 build time: 2018-11-14T08:17:03
08-06-2020 14:30:15 INFO  CreateDriverCommand:47 - Create webdriver in current thread 1: ChromeDriver -> ChromeDriver: chrome on LINUX (95e2f53836673aeea851d457b7cf9836)
08-06-2020 14:30:23 DEBUG BaseTest:30 - [шаг] вызвали pop up окно для выбора региона
08-06-2020 14:30:24 DEBUG BaseTest:17 - [шаг] установили регион Москва в поле ввода
08-06-2020 14:30:28 DEBUG BaseTest:45 - [шаг] ввели запрос в строку поиска Шоколадные конфеты в коробках, подарочные наборы
08-06-2020 14:30:28 DEBUG BaseTest:62 - [шаг] получили список элементов
08-06-2020 14:30:41 DEBUG BaseTest:62 - [шаг] получили список элементов
08-06-2020 14:30:47 DEBUG BaseTest:57 - [шаг] Отфильтровали результаты поиска по весу до 100
08-06-2020 14:30:47 ERROR NamingUtils:61 - Could not process empty pattern
08-06-2020 14:30:53 DEBUG BaseTest:81 - [шаг] Перешли на 4 страницу
08-06-2020 14:30:53 DEBUG BaseTest:72 - [шаг] Нашли наименование товара Raffaello в списке
08-06-2020 14:30:53 DEBUG BaseTest:62 - [шаг] получили список элементов
08-06-2020 14:31:05 DEBUG BaseTest:72 - [шаг] Нашли наименование товара Dove в списке
08-06-2020 14:31:05 DEBUG BaseTest:62 - [шаг] получили список элементов
08-06-2020 14:31:19 INFO  CloseDriverCommand:21 - Close webdriver: 1 -> ChromeDriver: chrome on LINUX (95e2f53836673aeea851d457b7cf9836)
08-06-2020 14:31:19 INFO  CloseDriverCommand:50 - Trying to close the browser ChromeDriver ...
08-06-2020 14:31:19 INFO  CloseDriverCommand:41 - Closed webdriver 1 in 51 ms
08-06-2020 14:31:19 INFO  CloseDriverCommand:21 - Close webdriver: 23 -> ChromeDriver: chrome on LINUX (null)
08-06-2020 14:31:19 INFO  CloseDriverCommand:50 - Trying to close the browser ChromeDriver ...
08-06-2020 14:31:19 INFO  CloseDriverCommand:41 - Closed webdriver 23 in 11 ms
08-06-2020 14:33:41 INFO  BaseTest:38 - Set up environment
08-06-2020 14:33:42 DEBUG CiReportUrl:28 - Variable selenide.reportsUrl not found
08-06-2020 14:33:42 INFO  WebDriverThreadLocalContainer:119 - No webdriver is bound to current thread: 1 - let's create a new webdriver
08-06-2020 14:33:42 DEBUG WebDriverFactory:47 - browser=chrome
08-06-2020 14:33:42 DEBUG WebDriverFactory:48 - browser.version=null
08-06-2020 14:33:42 DEBUG WebDriverFactory:49 - remote=null
08-06-2020 14:33:42 DEBUG WebDriverFactory:50 - browserSize=1366x768
08-06-2020 14:33:42 DEBUG WebDriverFactory:51 - startMaximized=false
08-06-2020 14:33:42 INFO  WebDriverManager:269 - Please answer the following questionnaire based on your experience with WebDriverManager. Thanks a lot!
08-06-2020 14:33:42 INFO  WebDriverManager:271 - ====> http://tiny.cc/wdm-survey <====
08-06-2020 14:33:43 DEBUG ResolutionCache:183 - Resolution chrome=83 in cache (valid until 18:50:47 08/06/2020 MSK)
08-06-2020 14:33:43 INFO  WebDriverManager:571 - Using chromedriver 83.0.4103.39 (since Chrome 83 is installed in your machine)
08-06-2020 14:33:43 DEBUG WebDriverManager:520 - Driver chromedriver 83.0.4103.39 found in cache
08-06-2020 14:33:43 INFO  WebDriverManager:615 - Exporting webdriver.chrome.driver as /home/ksenia/.m2/repository/webdriver/chromedriver/linux64/83.0.4103.39/chromedriver
08-06-2020 14:33:43 DEBUG ChromeDriverFactory:46 - Chrome options: Capabilities {acceptInsecureCerts: true, acceptSslCerts: true, browserName: chrome, goog:chromeOptions: {args: [--proxy-bypass-list=<-loopb...], excludeSwitches: [enable-automation, load-extension], extensions: [], prefs: {credentials_enable_service: false, download.default_directory: /home/ksenia/repo/work/AT_U...}}, handlesAlerts: true, javascriptEnabled: true, pageLoadStrategy: normal, takesScreenshot: true}
08-06-2020 14:33:45 INFO  BrowserResizer:28 - Set browser size to 1366x768
08-06-2020 14:33:45 INFO  WebDriverFactory:101 - BrowserName=chrome Version=83.0.4103.97 Platform=LINUX
08-06-2020 14:33:45 INFO  WebDriverFactory:60 - Selenide v. 5.12.2
08-06-2020 14:33:45 INFO  WebDriverFactory:94 - Selenium WebDriver v. 3.141.59 build time: 2018-11-14T08:17:03
08-06-2020 14:33:45 INFO  CreateDriverCommand:47 - Create webdriver in current thread 1: ChromeDriver -> ChromeDriver: chrome on LINUX (80baa609f794fc99daf8e4fe2904628b)
08-06-2020 14:33:52 DEBUG BaseTest:30 - [шаг] вызвали pop up окно для выбора региона
08-06-2020 14:33:54 DEBUG BaseTest:17 - [шаг] установили регион Москва в поле ввода
08-06-2020 14:33:57 DEBUG BaseTest:45 - [шаг] ввели запрос в строку поиска Шоколадные конфеты в коробках, подарочные наборы
08-06-2020 14:33:57 DEBUG BaseTest:62 - [шаг] получили список элементов
08-06-2020 14:34:10 DEBUG ScreenShotLaboratory:405 - reportsUrl is not configured. Returning screenshot file name '/home/ksenia/repo/work/AT_UI_Demo/build/reports/tests/1591616050394.0.png'
08-06-2020 14:34:11 INFO  CloseDriverCommand:21 - Close webdriver: 1 -> ChromeDriver: chrome on LINUX (80baa609f794fc99daf8e4fe2904628b)
08-06-2020 14:34:11 INFO  CloseDriverCommand:50 - Trying to close the browser ChromeDriver ...
08-06-2020 14:34:12 INFO  CloseDriverCommand:41 - Closed webdriver 1 in 69 ms
08-06-2020 14:34:12 INFO  CloseDriverCommand:21 - Close webdriver: 22 -> ChromeDriver: chrome on LINUX (null)
08-06-2020 14:34:12 INFO  CloseDriverCommand:50 - Trying to close the browser ChromeDriver ...
08-06-2020 14:34:12 INFO  CloseDriverCommand:41 - Closed webdriver 22 in 48 ms
08-06-2020 14:35:07 INFO  BaseTest:38 - Set up environment
08-06-2020 14:35:07 DEBUG CiReportUrl:28 - Variable selenide.reportsUrl not found
08-06-2020 14:35:08 INFO  WebDriverThreadLocalContainer:119 - No webdriver is bound to current thread: 1 - let's create a new webdriver
08-06-2020 14:35:08 DEBUG WebDriverFactory:47 - browser=chrome
08-06-2020 14:35:08 DEBUG WebDriverFactory:48 - browser.version=null
08-06-2020 14:35:08 DEBUG WebDriverFactory:49 - remote=null
08-06-2020 14:35:08 DEBUG WebDriverFactory:50 - browserSize=1366x768
08-06-2020 14:35:08 DEBUG WebDriverFactory:51 - startMaximized=false
08-06-2020 14:35:08 INFO  WebDriverManager:269 - Please answer the following questionnaire based on your experience with WebDriverManager. Thanks a lot!
08-06-2020 14:35:08 INFO  WebDriverManager:271 - ====> http://tiny.cc/wdm-survey <====
08-06-2020 14:35:08 DEBUG ResolutionCache:183 - Resolution chrome=83 in cache (valid until 18:50:47 08/06/2020 MSK)
08-06-2020 14:35:08 INFO  WebDriverManager:571 - Using chromedriver 83.0.4103.39 (since Chrome 83 is installed in your machine)
08-06-2020 14:35:08 DEBUG WebDriverManager:520 - Driver chromedriver 83.0.4103.39 found in cache
08-06-2020 14:35:08 INFO  WebDriverManager:615 - Exporting webdriver.chrome.driver as /home/ksenia/.m2/repository/webdriver/chromedriver/linux64/83.0.4103.39/chromedriver
08-06-2020 14:35:09 DEBUG ChromeDriverFactory:46 - Chrome options: Capabilities {acceptInsecureCerts: true, acceptSslCerts: true, browserName: chrome, goog:chromeOptions: {args: [--proxy-bypass-list=<-loopb...], excludeSwitches: [enable-automation, load-extension], extensions: [], prefs: {credentials_enable_service: false, download.default_directory: /home/ksenia/repo/work/AT_U...}}, handlesAlerts: true, javascriptEnabled: true, pageLoadStrategy: normal, takesScreenshot: true}
08-06-2020 14:35:11 INFO  BrowserResizer:28 - Set browser size to 1366x768
08-06-2020 14:35:11 INFO  WebDriverFactory:101 - BrowserName=chrome Version=83.0.4103.97 Platform=LINUX
08-06-2020 14:35:11 INFO  WebDriverFactory:60 - Selenide v. 5.12.2
08-06-2020 14:35:11 INFO  WebDriverFactory:94 - Selenium WebDriver v. 3.141.59 build time: 2018-11-14T08:17:03
08-06-2020 14:35:11 INFO  CreateDriverCommand:47 - Create webdriver in current thread 1: ChromeDriver -> ChromeDriver: chrome on LINUX (7ead0a44c29cd157be89b17919c2848f)
08-06-2020 14:35:16 DEBUG BaseTest:30 - [шаг] вызвали pop up окно для выбора региона
08-06-2020 14:35:17 DEBUG BaseTest:17 - [шаг] установили регион Москва в поле ввода
08-06-2020 14:35:20 DEBUG BaseTest:45 - [шаг] ввели запрос в строку поиска Шоколадные конфеты в коробках, подарочные наборы
08-06-2020 14:35:20 DEBUG BaseTest:62 - [шаг] получили список элементов
08-06-2020 14:35:41 DEBUG ScreenShotLaboratory:405 - reportsUrl is not configured. Returning screenshot file name '/home/ksenia/repo/work/AT_UI_Demo/build/reports/tests/1591616140999.0.png'
08-06-2020 14:35:42 INFO  CloseDriverCommand:21 - Close webdriver: 1 -> ChromeDriver: chrome on LINUX (7ead0a44c29cd157be89b17919c2848f)
08-06-2020 14:35:42 INFO  CloseDriverCommand:50 - Trying to close the browser ChromeDriver ...
08-06-2020 14:35:42 INFO  CloseDriverCommand:41 - Closed webdriver 1 in 111 ms
08-06-2020 14:35:42 INFO  CloseDriverCommand:21 - Close webdriver: 23 -> ChromeDriver: chrome on LINUX (null)
08-06-2020 14:35:42 INFO  CloseDriverCommand:50 - Trying to close the browser ChromeDriver ...
08-06-2020 14:35:43 INFO  CloseDriverCommand:41 - Closed webdriver 23 in 43 ms
08-06-2020 14:36:51 INFO  BaseTest:38 - Set up environment
08-06-2020 14:36:51 DEBUG CiReportUrl:28 - Variable selenide.reportsUrl not found
08-06-2020 14:36:51 INFO  WebDriverThreadLocalContainer:119 - No webdriver is bound to current thread: 1 - let's create a new webdriver
08-06-2020 14:36:51 DEBUG WebDriverFactory:47 - browser=chrome
08-06-2020 14:36:51 DEBUG WebDriverFactory:48 - browser.version=null
08-06-2020 14:36:51 DEBUG WebDriverFactory:49 - remote=null
08-06-2020 14:36:51 DEBUG WebDriverFactory:50 - browserSize=1366x768
08-06-2020 14:36:51 DEBUG WebDriverFactory:51 - startMaximized=false
08-06-2020 14:36:51 INFO  WebDriverManager:269 - Please answer the following questionnaire based on your experience with WebDriverManager. Thanks a lot!
08-06-2020 14:36:51 INFO  WebDriverManager:271 - ====> http://tiny.cc/wdm-survey <====
08-06-2020 14:36:52 DEBUG ResolutionCache:183 - Resolution chrome=83 in cache (valid until 18:50:47 08/06/2020 MSK)
08-06-2020 14:36:52 INFO  WebDriverManager:571 - Using chromedriver 83.0.4103.39 (since Chrome 83 is installed in your machine)
08-06-2020 14:36:52 DEBUG WebDriverManager:520 - Driver chromedriver 83.0.4103.39 found in cache
08-06-2020 14:36:52 INFO  WebDriverManager:615 - Exporting webdriver.chrome.driver as /home/ksenia/.m2/repository/webdriver/chromedriver/linux64/83.0.4103.39/chromedriver
08-06-2020 14:36:52 DEBUG ChromeDriverFactory:46 - Chrome options: Capabilities {acceptInsecureCerts: true, acceptSslCerts: true, browserName: chrome, goog:chromeOptions: {args: [--proxy-bypass-list=<-loopb...], excludeSwitches: [enable-automation, load-extension], extensions: [], prefs: {credentials_enable_service: false, download.default_directory: /home/ksenia/repo/work/AT_U...}}, handlesAlerts: true, javascriptEnabled: true, pageLoadStrategy: normal, takesScreenshot: true}
08-06-2020 14:36:54 INFO  BrowserResizer:28 - Set browser size to 1366x768
08-06-2020 14:36:54 INFO  WebDriverFactory:101 - BrowserName=chrome Version=83.0.4103.97 Platform=LINUX
08-06-2020 14:36:54 INFO  WebDriverFactory:60 - Selenide v. 5.12.2
08-06-2020 14:36:54 INFO  WebDriverFactory:94 - Selenium WebDriver v. 3.141.59 build time: 2018-11-14T08:17:03
08-06-2020 14:36:54 INFO  CreateDriverCommand:47 - Create webdriver in current thread 1: ChromeDriver -> ChromeDriver: chrome on LINUX (444a62d922b31639fbd15125290431e6)
08-06-2020 14:37:00 DEBUG BaseTest:30 - [шаг] вызвали pop up окно для выбора региона
08-06-2020 14:37:01 DEBUG BaseTest:17 - [шаг] установили регион Москва в поле ввода
08-06-2020 14:37:05 DEBUG BaseTest:45 - [шаг] ввели запрос в строку поиска Шоколадные конфеты в коробках, подарочные наборы
08-06-2020 14:37:05 DEBUG BaseTest:62 - [шаг] получили список элементов
08-06-2020 14:37:20 DEBUG BaseTest:62 - [шаг] получили список элементов
08-06-2020 14:37:25 DEBUG BaseTest:57 - [шаг] Отфильтровали результаты поиска по весу до 100
08-06-2020 14:37:25 ERROR NamingUtils:61 - Could not process empty pattern
08-06-2020 14:37:31 DEBUG BaseTest:81 - [шаг] Перешли на 4 страницу
08-06-2020 14:37:31 DEBUG BaseTest:72 - [шаг] Нашли наименование товара Raffaello в списке
08-06-2020 14:37:31 DEBUG BaseTest:62 - [шаг] получили список элементов
08-06-2020 14:37:43 DEBUG BaseTest:72 - [шаг] Нашли наименование товара Dove в списке
08-06-2020 14:37:43 DEBUG BaseTest:62 - [шаг] получили список элементов
08-06-2020 14:38:01 INFO  CloseDriverCommand:21 - Close webdriver: 1 -> ChromeDriver: chrome on LINUX (444a62d922b31639fbd15125290431e6)
08-06-2020 14:38:01 INFO  CloseDriverCommand:50 - Trying to close the browser ChromeDriver ...
08-06-2020 14:38:01 INFO  CloseDriverCommand:41 - Closed webdriver 1 in 66 ms
08-06-2020 14:38:01 INFO  CloseDriverCommand:21 - Close webdriver: 23 -> ChromeDriver: chrome on LINUX (null)
08-06-2020 14:38:01 INFO  CloseDriverCommand:50 - Trying to close the browser ChromeDriver ...
08-06-2020 14:38:01 INFO  CloseDriverCommand:41 - Closed webdriver 23 in 11 ms
08-06-2020 14:38:45 INFO  BaseTest:38 - Set up environment
08-06-2020 14:38:46 DEBUG CiReportUrl:28 - Variable selenide.reportsUrl not found
08-06-2020 14:38:46 INFO  WebDriverThreadLocalContainer:119 - No webdriver is bound to current thread: 1 - let's create a new webdriver
08-06-2020 14:38:46 DEBUG WebDriverFactory:47 - browser=chrome
08-06-2020 14:38:46 DEBUG WebDriverFactory:48 - browser.version=null
08-06-2020 14:38:46 DEBUG WebDriverFactory:49 - remote=null
08-06-2020 14:38:46 DEBUG WebDriverFactory:50 - browserSize=1366x768
08-06-2020 14:38:46 DEBUG WebDriverFactory:51 - startMaximized=false
08-06-2020 14:38:46 INFO  WebDriverManager:269 - Please answer the following questionnaire based on your experience with WebDriverManager. Thanks a lot!
08-06-2020 14:38:46 INFO  WebDriverManager:271 - ====> http://tiny.cc/wdm-survey <====
08-06-2020 14:38:47 DEBUG ResolutionCache:183 - Resolution chrome=83 in cache (valid until 18:50:47 08/06/2020 MSK)
08-06-2020 14:38:47 INFO  WebDriverManager:571 - Using chromedriver 83.0.4103.39 (since Chrome 83 is installed in your machine)
08-06-2020 14:38:47 DEBUG WebDriverManager:520 - Driver chromedriver 83.0.4103.39 found in cache
08-06-2020 14:38:47 INFO  WebDriverManager:615 - Exporting webdriver.chrome.driver as /home/ksenia/.m2/repository/webdriver/chromedriver/linux64/83.0.4103.39/chromedriver
08-06-2020 14:38:47 DEBUG ChromeDriverFactory:46 - Chrome options: Capabilities {acceptInsecureCerts: true, acceptSslCerts: true, browserName: chrome, goog:chromeOptions: {args: [--proxy-bypass-list=<-loopb...], excludeSwitches: [enable-automation, load-extension], extensions: [], prefs: {credentials_enable_service: false, download.default_directory: /home/ksenia/repo/work/AT_U...}}, handlesAlerts: true, javascriptEnabled: true, pageLoadStrategy: normal, takesScreenshot: true}
08-06-2020 14:38:49 INFO  BrowserResizer:28 - Set browser size to 1366x768
08-06-2020 14:38:49 INFO  WebDriverFactory:101 - BrowserName=chrome Version=83.0.4103.97 Platform=LINUX
08-06-2020 14:38:49 INFO  WebDriverFactory:60 - Selenide v. 5.12.2
08-06-2020 14:38:49 INFO  WebDriverFactory:94 - Selenium WebDriver v. 3.141.59 build time: 2018-11-14T08:17:03
08-06-2020 14:38:49 INFO  CreateDriverCommand:47 - Create webdriver in current thread 1: ChromeDriver -> ChromeDriver: chrome on LINUX (384900d3e54356b060c4cf81c93045f3)
08-06-2020 14:38:55 DEBUG BaseTest:30 - [шаг] вызвали pop up окно для выбора региона
08-06-2020 14:38:56 DEBUG BaseTest:17 - [шаг] установили регион Москва в поле ввода
08-06-2020 14:39:00 DEBUG BaseTest:45 - [шаг] ввели запрос в строку поиска Шоколадные конфеты в коробках, подарочные наборы
08-06-2020 14:39:00 DEBUG BaseTest:62 - [шаг] получили список элементов
08-06-2020 14:39:11 DEBUG BaseTest:62 - [шаг] получили список элементов
08-06-2020 14:39:16 DEBUG BaseTest:57 - [шаг] Отфильтровали результаты поиска по весу до 100
08-06-2020 14:39:16 ERROR NamingUtils:61 - Could not process empty pattern
08-06-2020 14:39:22 DEBUG BaseTest:81 - [шаг] Перешли на 4 страницу
08-06-2020 14:39:22 DEBUG BaseTest:72 - [шаг] Нашли наименование товара Raffaello в списке
08-06-2020 14:39:22 DEBUG BaseTest:62 - [шаг] получили список элементов
08-06-2020 14:39:33 DEBUG BaseTest:72 - [шаг] Нашли наименование товара Dove в списке
08-06-2020 14:39:33 DEBUG BaseTest:62 - [шаг] получили список элементов
08-06-2020 14:39:49 INFO  CloseDriverCommand:21 - Close webdriver: 1 -> ChromeDriver: chrome on LINUX (384900d3e54356b060c4cf81c93045f3)
08-06-2020 14:39:49 INFO  CloseDriverCommand:50 - Trying to close the browser ChromeDriver ...
08-06-2020 14:39:49 INFO  CloseDriverCommand:41 - Closed webdriver 1 in 47 ms
08-06-2020 14:39:49 INFO  CloseDriverCommand:21 - Close webdriver: 22 -> ChromeDriver: chrome on LINUX (null)
08-06-2020 14:39:49 INFO  CloseDriverCommand:50 - Trying to close the browser ChromeDriver ...
08-06-2020 14:39:49 INFO  CloseDriverCommand:41 - Closed webdriver 22 in 19 ms
08-06-2020 14:43:12 INFO  BaseTest:38 - Set up environment
08-06-2020 14:43:12 DEBUG CiReportUrl:28 - Variable selenide.reportsUrl not found
08-06-2020 14:43:12 INFO  WebDriverThreadLocalContainer:119 - No webdriver is bound to current thread: 1 - let's create a new webdriver
08-06-2020 14:43:12 DEBUG WebDriverFactory:47 - browser=chrome
08-06-2020 14:43:12 DEBUG WebDriverFactory:48 - browser.version=null
08-06-2020 14:43:12 DEBUG WebDriverFactory:49 - remote=null
08-06-2020 14:43:12 DEBUG WebDriverFactory:50 - browserSize=1366x768
08-06-2020 14:43:12 DEBUG WebDriverFactory:51 - startMaximized=false
08-06-2020 14:43:12 INFO  WebDriverManager:269 - Please answer the following questionnaire based on your experience with WebDriverManager. Thanks a lot!
08-06-2020 14:43:12 INFO  WebDriverManager:271 - ====> http://tiny.cc/wdm-survey <====
08-06-2020 14:43:13 DEBUG ResolutionCache:183 - Resolution chrome=83 in cache (valid until 18:50:47 08/06/2020 MSK)
08-06-2020 14:43:13 INFO  WebDriverManager:571 - Using chromedriver 83.0.4103.39 (since Chrome 83 is installed in your machine)
08-06-2020 14:43:13 DEBUG WebDriverManager:520 - Driver chromedriver 83.0.4103.39 found in cache
08-06-2020 14:43:13 INFO  WebDriverManager:615 - Exporting webdriver.chrome.driver as /home/ksenia/.m2/repository/webdriver/chromedriver/linux64/83.0.4103.39/chromedriver
08-06-2020 14:43:13 DEBUG ChromeDriverFactory:46 - Chrome options: Capabilities {acceptInsecureCerts: true, acceptSslCerts: true, browserName: chrome, goog:chromeOptions: {args: [--proxy-bypass-list=<-loopb...], excludeSwitches: [enable-automation, load-extension], extensions: [], prefs: {credentials_enable_service: false, download.default_directory: /home/ksenia/repo/work/AT_U...}}, handlesAlerts: true, javascriptEnabled: true, pageLoadStrategy: normal, takesScreenshot: true}
08-06-2020 14:43:15 INFO  BrowserResizer:28 - Set browser size to 1366x768
08-06-2020 14:43:15 INFO  WebDriverFactory:101 - BrowserName=chrome Version=83.0.4103.97 Platform=LINUX
08-06-2020 14:43:15 INFO  WebDriverFactory:60 - Selenide v. 5.12.2
08-06-2020 14:43:15 INFO  WebDriverFactory:94 - Selenium WebDriver v. 3.141.59 build time: 2018-11-14T08:17:03
08-06-2020 14:43:15 INFO  CreateDriverCommand:47 - Create webdriver in current thread 1: ChromeDriver -> ChromeDriver: chrome on LINUX (ef867f206367b987726a3d364096e6d4)
08-06-2020 14:43:21 DEBUG BaseTest:30 - [шаг] вызвали pop up окно для выбора региона
08-06-2020 14:43:22 DEBUG BaseTest:17 - [шаг] установили регион Москва в поле ввода
08-06-2020 14:43:26 DEBUG BaseTest:45 - [шаг] ввели запрос в строку поиска Шоколадные конфеты в коробках, подарочные наборы
08-06-2020 14:43:26 DEBUG BaseTest:62 - [шаг] получили список элементов
08-06-2020 14:43:39 DEBUG ScreenShotLaboratory:405 - reportsUrl is not configured. Returning screenshot file name '/home/ksenia/repo/work/AT_UI_Demo/build/reports/tests/1591616619365.0.png'
08-06-2020 14:43:40 INFO  CloseDriverCommand:21 - Close webdriver: 1 -> ChromeDriver: chrome on LINUX (ef867f206367b987726a3d364096e6d4)
08-06-2020 14:43:40 INFO  CloseDriverCommand:50 - Trying to close the browser ChromeDriver ...
08-06-2020 14:43:40 INFO  CloseDriverCommand:41 - Closed webdriver 1 in 98 ms
08-06-2020 14:43:41 INFO  CloseDriverCommand:21 - Close webdriver: 22 -> ChromeDriver: chrome on LINUX (null)
08-06-2020 14:43:41 INFO  CloseDriverCommand:50 - Trying to close the browser ChromeDriver ...
08-06-2020 14:43:41 INFO  CloseDriverCommand:41 - Closed webdriver 22 in 13 ms
08-06-2020 14:46:06 INFO  BaseTest:38 - Set up environment
08-06-2020 14:46:06 DEBUG CiReportUrl:28 - Variable selenide.reportsUrl not found
08-06-2020 14:46:06 INFO  WebDriverThreadLocalContainer:119 - No webdriver is bound to current thread: 1 - let's create a new webdriver
08-06-2020 14:46:06 DEBUG WebDriverFactory:47 - browser=chrome
08-06-2020 14:46:06 DEBUG WebDriverFactory:48 - browser.version=null
08-06-2020 14:46:06 DEBUG WebDriverFactory:49 - remote=null
08-06-2020 14:46:06 DEBUG WebDriverFactory:50 - browserSize=1366x768
08-06-2020 14:46:06 DEBUG WebDriverFactory:51 - startMaximized=false
08-06-2020 14:46:06 INFO  WebDriverManager:269 - Please answer the following questionnaire based on your experience with WebDriverManager. Thanks a lot!
08-06-2020 14:46:06 INFO  WebDriverManager:271 - ====> http://tiny.cc/wdm-survey <====
08-06-2020 14:46:07 DEBUG ResolutionCache:183 - Resolution chrome=83 in cache (valid until 18:50:47 08/06/2020 MSK)
08-06-2020 14:46:07 INFO  WebDriverManager:571 - Using chromedriver 83.0.4103.39 (since Chrome 83 is installed in your machine)
08-06-2020 14:46:07 DEBUG WebDriverManager:520 - Driver chromedriver 83.0.4103.39 found in cache
08-06-2020 14:46:07 INFO  WebDriverManager:615 - Exporting webdriver.chrome.driver as /home/ksenia/.m2/repository/webdriver/chromedriver/linux64/83.0.4103.39/chromedriver
08-06-2020 14:46:07 DEBUG ChromeDriverFactory:46 - Chrome options: Capabilities {acceptInsecureCerts: true, acceptSslCerts: true, browserName: chrome, goog:chromeOptions: {args: [--proxy-bypass-list=<-loopb...], excludeSwitches: [enable-automation, load-extension], extensions: [], prefs: {credentials_enable_service: false, download.default_directory: /home/ksenia/repo/work/AT_U...}}, handlesAlerts: true, javascriptEnabled: true, pageLoadStrategy: normal, takesScreenshot: true}
08-06-2020 14:46:09 INFO  BrowserResizer:28 - Set browser size to 1366x768
08-06-2020 14:46:09 INFO  WebDriverFactory:101 - BrowserName=chrome Version=83.0.4103.97 Platform=LINUX
08-06-2020 14:46:09 INFO  WebDriverFactory:60 - Selenide v. 5.12.2
08-06-2020 14:46:09 INFO  WebDriverFactory:94 - Selenium WebDriver v. 3.141.59 build time: 2018-11-14T08:17:03
08-06-2020 14:46:09 INFO  CreateDriverCommand:47 - Create webdriver in current thread 1: ChromeDriver -> ChromeDriver: chrome on LINUX (d01bc7782d510b93b0e63c92d9fd723d)
08-06-2020 14:46:14 DEBUG BaseTest:30 - [шаг] вызвали pop up окно для выбора региона
08-06-2020 14:46:15 DEBUG BaseTest:17 - [шаг] установили регион Москва в поле ввода
08-06-2020 14:46:19 DEBUG BaseTest:45 - [шаг] ввели запрос в строку поиска Шоколадные конфеты в коробках, подарочные наборы
08-06-2020 14:46:19 DEBUG BaseTest:62 - [шаг] получили список элементов
08-06-2020 14:46:46 DEBUG BaseTest:62 - [шаг] получили список элементов
08-06-2020 14:46:59 DEBUG BaseTest:57 - [шаг] Отфильтровали результаты поиска по весу до 100
08-06-2020 14:47:02 ERROR NamingUtils:61 - Could not process empty pattern
08-06-2020 14:47:09 DEBUG BaseTest:79 - [шаг] Перешли на 4 страницу
08-06-2020 14:47:10 DEBUG BaseTest:70 - [шаг] Нашли наименование товара Raffaello в списке
08-06-2020 14:47:10 DEBUG BaseTest:62 - [шаг] получили список элементов
08-06-2020 14:47:37 DEBUG BaseTest:70 - [шаг] Нашли наименование товара Dove в списке
08-06-2020 14:47:37 DEBUG BaseTest:62 - [шаг] получили список элементов
08-06-2020 14:48:01 ERROR NamingUtils:61 - Could not process empty pattern
08-06-2020 14:49:36 DEBUG ScreenShotLaboratory:405 - reportsUrl is not configured. Returning screenshot file name '/home/ksenia/repo/work/AT_UI_Demo/build/reports/tests/1591616891596.0.png'
08-06-2020 14:50:46 INFO  CloseDriverCommand:21 - Close webdriver: 24 -> ChromeDriver: chrome on LINUX (d01bc7782d510b93b0e63c92d9fd723d)
08-06-2020 14:50:46 INFO  CloseDriverCommand:50 - Trying to close the browser ChromeDriver ...
08-06-2020 14:50:46 ERROR CloseDriverCommand:58 - Cannot close browser normally: WebDriverException: java.net.ConnectException: Failed to connect to localhost/127.0.0.1:14927
08-06-2020 14:50:46 INFO  CloseDriverCommand:41 - Closed webdriver 24 in 74 ms
08-06-2020 14:51:13 INFO  BaseTest:38 - Set up environment
08-06-2020 14:51:13 DEBUG CiReportUrl:28 - Variable selenide.reportsUrl not found
08-06-2020 14:51:13 INFO  WebDriverThreadLocalContainer:119 - No webdriver is bound to current thread: 1 - let's create a new webdriver
08-06-2020 14:51:13 DEBUG WebDriverFactory:47 - browser=chrome
08-06-2020 14:51:13 DEBUG WebDriverFactory:48 - browser.version=null
08-06-2020 14:51:13 DEBUG WebDriverFactory:49 - remote=null
08-06-2020 14:51:13 DEBUG WebDriverFactory:50 - browserSize=1366x768
08-06-2020 14:51:13 DEBUG WebDriverFactory:51 - startMaximized=false
08-06-2020 14:51:13 INFO  WebDriverManager:269 - Please answer the following questionnaire based on your experience with WebDriverManager. Thanks a lot!
08-06-2020 14:51:13 INFO  WebDriverManager:271 - ====> http://tiny.cc/wdm-survey <====
08-06-2020 14:51:14 DEBUG ResolutionCache:183 - Resolution chrome=83 in cache (valid until 18:50:47 08/06/2020 MSK)
08-06-2020 14:51:14 INFO  WebDriverManager:571 - Using chromedriver 83.0.4103.39 (since Chrome 83 is installed in your machine)
08-06-2020 14:51:14 DEBUG WebDriverManager:520 - Driver chromedriver 83.0.4103.39 found in cache
08-06-2020 14:51:14 INFO  WebDriverManager:615 - Exporting webdriver.chrome.driver as /home/ksenia/.m2/repository/webdriver/chromedriver/linux64/83.0.4103.39/chromedriver
08-06-2020 14:51:14 DEBUG ChromeDriverFactory:46 - Chrome options: Capabilities {acceptInsecureCerts: true, acceptSslCerts: true, browserName: chrome, goog:chromeOptions: {args: [--proxy-bypass-list=<-loopb...], excludeSwitches: [enable-automation, load-extension], extensions: [], prefs: {credentials_enable_service: false, download.default_directory: /home/ksenia/repo/work/AT_U...}}, handlesAlerts: true, javascriptEnabled: true, pageLoadStrategy: normal, takesScreenshot: true}
08-06-2020 14:51:16 INFO  BrowserResizer:28 - Set browser size to 1366x768
08-06-2020 14:51:16 INFO  WebDriverFactory:101 - BrowserName=chrome Version=83.0.4103.97 Platform=LINUX
08-06-2020 14:51:16 INFO  WebDriverFactory:60 - Selenide v. 5.12.2
08-06-2020 14:51:16 INFO  WebDriverFactory:94 - Selenium WebDriver v. 3.141.59 build time: 2018-11-14T08:17:03
08-06-2020 14:51:16 INFO  CreateDriverCommand:47 - Create webdriver in current thread 1: ChromeDriver -> ChromeDriver: chrome on LINUX (3ac29500683886500598160afff1dd78)
08-06-2020 14:51:21 DEBUG BaseTest:30 - [шаг] вызвали pop up окно для выбора региона
08-06-2020 14:51:23 DEBUG BaseTest:17 - [шаг] установили регион Москва в поле ввода
08-06-2020 14:51:26 DEBUG BaseTest:45 - [шаг] ввели запрос в строку поиска Шоколадные конфеты в коробках, подарочные наборы
08-06-2020 14:51:26 DEBUG BaseTest:62 - [шаг] получили список элементов
08-06-2020 14:51:36 DEBUG BaseTest:62 - [шаг] получили список элементов
08-06-2020 14:51:42 DEBUG BaseTest:57 - [шаг] Отфильтровали результаты поиска по весу до 100
08-06-2020 14:51:42 ERROR NamingUtils:61 - Could not process empty pattern
08-06-2020 14:51:48 DEBUG BaseTest:79 - [шаг] Перешли на 4 страницу
08-06-2020 14:51:48 DEBUG BaseTest:70 - [шаг] Нашли наименование товара Raffaello в списке
08-06-2020 14:51:48 DEBUG BaseTest:62 - [шаг] получили список элементов
08-06-2020 14:51:56 DEBUG BaseTest:70 - [шаг] Нашли наименование товара Dove в списке
08-06-2020 14:51:56 DEBUG BaseTest:62 - [шаг] получили список элементов
08-06-2020 14:52:04 ERROR NamingUtils:61 - Could not process empty pattern
08-06-2020 14:52:15 DEBUG ScreenShotLaboratory:405 - reportsUrl is not configured. Returning screenshot file name '/home/ksenia/repo/work/AT_UI_Demo/build/reports/tests/1591617134407.0.png'
08-06-2020 14:52:17 INFO  CloseDriverCommand:21 - Close webdriver: 1 -> ChromeDriver: chrome on LINUX (3ac29500683886500598160afff1dd78)
08-06-2020 14:52:17 INFO  CloseDriverCommand:50 - Trying to close the browser ChromeDriver ...
08-06-2020 14:52:17 INFO  CloseDriverCommand:41 - Closed webdriver 1 in 60 ms
08-06-2020 14:52:17 INFO  CloseDriverCommand:21 - Close webdriver: 22 -> ChromeDriver: chrome on LINUX (null)
08-06-2020 14:52:17 INFO  CloseDriverCommand:50 - Trying to close the browser ChromeDriver ...
08-06-2020 14:52:17 INFO  CloseDriverCommand:41 - Closed webdriver 22 in 21 ms
08-06-2020 14:55:08 INFO  BaseTest:38 - Set up environment
08-06-2020 14:55:08 DEBUG CiReportUrl:28 - Variable selenide.reportsUrl not found
08-06-2020 14:55:08 INFO  WebDriverThreadLocalContainer:119 - No webdriver is bound to current thread: 1 - let's create a new webdriver
08-06-2020 14:55:08 DEBUG WebDriverFactory:47 - browser=chrome
08-06-2020 14:55:08 DEBUG WebDriverFactory:48 - browser.version=null
08-06-2020 14:55:08 DEBUG WebDriverFactory:49 - remote=null
08-06-2020 14:55:08 DEBUG WebDriverFactory:50 - browserSize=1366x768
08-06-2020 14:55:08 DEBUG WebDriverFactory:51 - startMaximized=false
08-06-2020 14:55:08 INFO  WebDriverManager:269 - Please answer the following questionnaire based on your experience with WebDriverManager. Thanks a lot!
08-06-2020 14:55:08 INFO  WebDriverManager:271 - ====> http://tiny.cc/wdm-survey <====
08-06-2020 14:55:09 DEBUG ResolutionCache:183 - Resolution chrome=83 in cache (valid until 18:50:47 08/06/2020 MSK)
08-06-2020 14:55:09 INFO  WebDriverManager:571 - Using chromedriver 83.0.4103.39 (since Chrome 83 is installed in your machine)
08-06-2020 14:55:09 DEBUG WebDriverManager:520 - Driver chromedriver 83.0.4103.39 found in cache
08-06-2020 14:55:09 INFO  WebDriverManager:615 - Exporting webdriver.chrome.driver as /home/ksenia/.m2/repository/webdriver/chromedriver/linux64/83.0.4103.39/chromedriver
08-06-2020 14:55:09 DEBUG ChromeDriverFactory:46 - Chrome options: Capabilities {acceptInsecureCerts: true, acceptSslCerts: true, browserName: chrome, goog:chromeOptions: {args: [--proxy-bypass-list=<-loopb...], excludeSwitches: [enable-automation, load-extension], extensions: [], prefs: {credentials_enable_service: false, download.default_directory: /home/ksenia/repo/work/AT_U...}}, handlesAlerts: true, javascriptEnabled: true, pageLoadStrategy: normal, takesScreenshot: true}
08-06-2020 14:55:12 INFO  BrowserResizer:28 - Set browser size to 1366x768
08-06-2020 14:55:12 INFO  WebDriverFactory:101 - BrowserName=chrome Version=83.0.4103.97 Platform=LINUX
08-06-2020 14:55:12 INFO  WebDriverFactory:60 - Selenide v. 5.12.2
08-06-2020 14:55:12 INFO  WebDriverFactory:94 - Selenium WebDriver v. 3.141.59 build time: 2018-11-14T08:17:03
08-06-2020 14:55:12 INFO  CreateDriverCommand:47 - Create webdriver in current thread 1: ChromeDriver -> ChromeDriver: chrome on LINUX (2308dc0244592120b9736b222c3a6506)
08-06-2020 14:55:17 DEBUG BaseTest:30 - [шаг] вызвали pop up окно для выбора региона
08-06-2020 14:55:18 DEBUG BaseTest:17 - [шаг] установили регион Москва в поле ввода
08-06-2020 14:55:21 DEBUG BaseTest:45 - [шаг] ввели запрос в строку поиска Шоколадные конфеты в коробках, подарочные наборы
08-06-2020 14:55:21 DEBUG BaseTest:62 - [шаг] получили список элементов
08-06-2020 14:55:32 DEBUG BaseTest:62 - [шаг] получили список элементов
08-06-2020 14:55:38 DEBUG BaseTest:57 - [шаг] Отфильтровали результаты поиска по весу до 100
08-06-2020 14:55:38 ERROR NamingUtils:61 - Could not process empty pattern
08-06-2020 14:55:44 DEBUG BaseTest:79 - [шаг] Перешли на 4 страницу
08-06-2020 14:55:44 DEBUG BaseTest:70 - [шаг] Нашли наименование товара Raffaello в списке
08-06-2020 14:55:44 DEBUG BaseTest:62 - [шаг] получили список элементов
08-06-2020 14:55:52 DEBUG BaseTest:70 - [шаг] Нашли наименование товара Dove в списке
08-06-2020 14:55:52 DEBUG BaseTest:62 - [шаг] получили список элементов
08-06-2020 14:56:00 ERROR NamingUtils:61 - Could not process empty pattern
08-06-2020 14:56:04 DEBUG ScreenShotLaboratory:405 - reportsUrl is not configured. Returning screenshot file name '/home/ksenia/repo/work/AT_UI_Demo/build/reports/tests/1591617363395.0.png'
08-06-2020 14:56:06 INFO  CloseDriverCommand:21 - Close webdriver: 1 -> ChromeDriver: chrome on LINUX (2308dc0244592120b9736b222c3a6506)
08-06-2020 14:56:06 INFO  CloseDriverCommand:50 - Trying to close the browser ChromeDriver ...
08-06-2020 14:56:06 INFO  CloseDriverCommand:41 - Closed webdriver 1 in 28 ms
08-06-2020 14:56:06 INFO  CloseDriverCommand:21 - Close webdriver: 22 -> ChromeDriver: chrome on LINUX (null)
08-06-2020 14:56:06 INFO  CloseDriverCommand:50 - Trying to close the browser ChromeDriver ...
08-06-2020 14:56:06 INFO  CloseDriverCommand:41 - Closed webdriver 22 in 28 ms
08-06-2020 14:57:53 INFO  BaseTest:38 - Set up environment
08-06-2020 14:57:54 DEBUG CiReportUrl:28 - Variable selenide.reportsUrl not found
08-06-2020 14:57:54 INFO  WebDriverThreadLocalContainer:119 - No webdriver is bound to current thread: 1 - let's create a new webdriver
08-06-2020 14:57:54 DEBUG WebDriverFactory:47 - browser=chrome
08-06-2020 14:57:54 DEBUG WebDriverFactory:48 - browser.version=null
08-06-2020 14:57:54 DEBUG WebDriverFactory:49 - remote=null
08-06-2020 14:57:54 DEBUG WebDriverFactory:50 - browserSize=1366x768
08-06-2020 14:57:54 DEBUG WebDriverFactory:51 - startMaximized=false
08-06-2020 14:57:54 INFO  WebDriverManager:269 - Please answer the following questionnaire based on your experience with WebDriverManager. Thanks a lot!
08-06-2020 14:57:54 INFO  WebDriverManager:271 - ====> http://tiny.cc/wdm-survey <====
08-06-2020 14:57:54 DEBUG ResolutionCache:183 - Resolution chrome=83 in cache (valid until 18:50:47 08/06/2020 MSK)
08-06-2020 14:57:54 INFO  WebDriverManager:571 - Using chromedriver 83.0.4103.39 (since Chrome 83 is installed in your machine)
08-06-2020 14:57:54 DEBUG WebDriverManager:520 - Driver chromedriver 83.0.4103.39 found in cache
08-06-2020 14:57:54 INFO  WebDriverManager:615 - Exporting webdriver.chrome.driver as /home/ksenia/.m2/repository/webdriver/chromedriver/linux64/83.0.4103.39/chromedriver
08-06-2020 14:57:54 DEBUG ChromeDriverFactory:46 - Chrome options: Capabilities {acceptInsecureCerts: true, acceptSslCerts: true, browserName: chrome, goog:chromeOptions: {args: [--proxy-bypass-list=<-loopb...], excludeSwitches: [enable-automation, load-extension], extensions: [], prefs: {credentials_enable_service: false, download.default_directory: /home/ksenia/repo/work/AT_U...}}, handlesAlerts: true, javascriptEnabled: true, pageLoadStrategy: normal, takesScreenshot: true}
08-06-2020 14:57:57 INFO  BrowserResizer:28 - Set browser size to 1366x768
08-06-2020 14:57:57 INFO  WebDriverFactory:101 - BrowserName=chrome Version=83.0.4103.97 Platform=LINUX
08-06-2020 14:57:57 INFO  WebDriverFactory:60 - Selenide v. 5.12.2
08-06-2020 14:57:57 INFO  WebDriverFactory:94 - Selenium WebDriver v. 3.141.59 build time: 2018-11-14T08:17:03
08-06-2020 14:57:57 INFO  CreateDriverCommand:47 - Create webdriver in current thread 1: ChromeDriver -> ChromeDriver: chrome on LINUX (32b7ccce6ae03a2c8057f3f72896361c)
08-06-2020 14:58:03 DEBUG BaseTest:30 - [шаг] вызвали pop up окно для выбора региона
08-06-2020 14:58:04 DEBUG BaseTest:17 - [шаг] установили регион Москва в поле ввода
08-06-2020 14:58:08 DEBUG BaseTest:45 - [шаг] ввели запрос в строку поиска Шоколадные конфеты в коробках, подарочные наборы
08-06-2020 14:58:08 DEBUG BaseTest:62 - [шаг] получили список элементов
08-06-2020 14:58:18 DEBUG BaseTest:62 - [шаг] получили список элементов
08-06-2020 14:58:24 DEBUG BaseTest:57 - [шаг] Отфильтровали результаты поиска по весу до 100
08-06-2020 14:58:24 ERROR NamingUtils:61 - Could not process empty pattern
08-06-2020 14:58:30 DEBUG BaseTest:79 - [шаг] Перешли на 4 страницу
08-06-2020 14:58:30 DEBUG BaseTest:70 - [шаг] Нашли наименование товара Raffaello в списке
08-06-2020 14:58:30 DEBUG BaseTest:62 - [шаг] получили список элементов
08-06-2020 14:58:39 DEBUG BaseTest:70 - [шаг] Нашли наименование товара Dove в списке
08-06-2020 14:58:39 DEBUG BaseTest:62 - [шаг] получили список элементов
08-06-2020 14:58:46 ERROR NamingUtils:61 - Could not process empty pattern
08-06-2020 14:58:51 DEBUG ScreenShotLaboratory:405 - reportsUrl is not configured. Returning screenshot file name '/home/ksenia/repo/work/AT_UI_Demo/build/reports/tests/1591617529956.0.png'
08-06-2020 14:58:53 INFO  CloseDriverCommand:21 - Close webdriver: 1 -> ChromeDriver: chrome on LINUX (32b7ccce6ae03a2c8057f3f72896361c)
08-06-2020 14:58:53 INFO  CloseDriverCommand:50 - Trying to close the browser ChromeDriver ...
08-06-2020 14:58:53 INFO  CloseDriverCommand:41 - Closed webdriver 1 in 56 ms
08-06-2020 14:58:53 INFO  CloseDriverCommand:21 - Close webdriver: 22 -> ChromeDriver: chrome on LINUX (null)
08-06-2020 14:58:53 INFO  CloseDriverCommand:50 - Trying to close the browser ChromeDriver ...
08-06-2020 14:58:53 INFO  CloseDriverCommand:41 - Closed webdriver 22 in 29 ms
08-06-2020 15:02:36 INFO  BaseTest:35 - Set up environment
08-06-2020 15:02:37 DEBUG CiReportUrl:28 - Variable selenide.reportsUrl not found
08-06-2020 15:02:37 INFO  WebDriverThreadLocalContainer:119 - No webdriver is bound to current thread: 1 - let's create a new webdriver
08-06-2020 15:02:37 DEBUG WebDriverFactory:47 - browser=chrome
08-06-2020 15:02:37 DEBUG WebDriverFactory:48 - browser.version=null
08-06-2020 15:02:37 DEBUG WebDriverFactory:49 - remote=null
08-06-2020 15:02:37 DEBUG WebDriverFactory:50 - browserSize=1366x768
08-06-2020 15:02:37 DEBUG WebDriverFactory:51 - startMaximized=false
08-06-2020 15:02:37 INFO  WebDriverManager:269 - Please answer the following questionnaire based on your experience with WebDriverManager. Thanks a lot!
08-06-2020 15:02:37 INFO  WebDriverManager:271 - ====> http://tiny.cc/wdm-survey <====
08-06-2020 15:02:38 DEBUG ResolutionCache:183 - Resolution chrome=83 in cache (valid until 18:50:47 08/06/2020 MSK)
08-06-2020 15:02:38 INFO  WebDriverManager:571 - Using chromedriver 83.0.4103.39 (since Chrome 83 is installed in your machine)
08-06-2020 15:02:38 DEBUG WebDriverManager:520 - Driver chromedriver 83.0.4103.39 found in cache
08-06-2020 15:02:38 INFO  WebDriverManager:615 - Exporting webdriver.chrome.driver as /home/ksenia/.m2/repository/webdriver/chromedriver/linux64/83.0.4103.39/chromedriver
08-06-2020 15:02:38 DEBUG ChromeDriverFactory:46 - Chrome options: Capabilities {acceptInsecureCerts: true, acceptSslCerts: true, browserName: chrome, goog:chromeOptions: {args: [--proxy-bypass-list=<-loopb...], excludeSwitches: [enable-automation, load-extension], extensions: [], prefs: {credentials_enable_service: false, download.default_directory: /home/ksenia/repo/work/AT_U...}}, handlesAlerts: true, javascriptEnabled: true, pageLoadStrategy: normal, takesScreenshot: true}
08-06-2020 15:02:40 INFO  BrowserResizer:28 - Set browser size to 1366x768
08-06-2020 15:02:40 INFO  WebDriverFactory:101 - BrowserName=chrome Version=83.0.4103.97 Platform=LINUX
08-06-2020 15:02:40 INFO  WebDriverFactory:60 - Selenide v. 5.12.2
08-06-2020 15:02:40 INFO  WebDriverFactory:94 - Selenium WebDriver v. 3.141.59 build time: 2018-11-14T08:17:03
08-06-2020 15:02:40 INFO  CreateDriverCommand:47 - Create webdriver in current thread 1: ChromeDriver -> ChromeDriver: chrome on LINUX (21962b49bb182c4bff49180a1078185e)
08-06-2020 15:02:45 DEBUG BaseTest:30 - [шаг] вызвали pop up окно для выбора региона
08-06-2020 15:02:47 DEBUG BaseTest:17 - [шаг] установили регион Москва в поле ввода
08-06-2020 15:02:50 DEBUG BaseTest:45 - [шаг] ввели запрос в строку поиска Шоколадные конфеты в коробках, подарочные наборы
08-06-2020 15:02:50 DEBUG BaseTest:62 - [шаг] получили список элементов
08-06-2020 15:03:02 DEBUG BaseTest:62 - [шаг] получили список элементов
08-06-2020 15:03:07 DEBUG BaseTest:57 - [шаг] Отфильтровали результаты поиска по весу до 100
08-06-2020 15:03:07 ERROR NamingUtils:61 - Could not process empty pattern
08-06-2020 15:03:15 DEBUG BaseTest:79 - [шаг] Перешли на 4 страницу
08-06-2020 15:03:15 DEBUG BaseTest:70 - [шаг] Нашли наименование товара Raffaello в списке
08-06-2020 15:03:15 DEBUG BaseTest:62 - [шаг] получили список элементов
08-06-2020 15:03:25 DEBUG BaseTest:70 - [шаг] Нашли наименование товара Dove в списке
08-06-2020 15:03:25 DEBUG BaseTest:62 - [шаг] получили список элементов
08-06-2020 15:03:40 INFO  CloseDriverCommand:21 - Close webdriver: 1 -> ChromeDriver: chrome on LINUX (21962b49bb182c4bff49180a1078185e)
08-06-2020 15:03:40 INFO  CloseDriverCommand:50 - Trying to close the browser ChromeDriver ...
08-06-2020 15:03:40 INFO  CloseDriverCommand:41 - Closed webdriver 1 in 44 ms
08-06-2020 15:03:41 INFO  CloseDriverCommand:21 - Close webdriver: 22 -> ChromeDriver: chrome on LINUX (null)
08-06-2020 15:03:41 INFO  CloseDriverCommand:50 - Trying to close the browser ChromeDriver ...
08-06-2020 15:03:41 INFO  CloseDriverCommand:41 - Closed webdriver 22 in 24 ms
